[1.205s] DEBUG:colcon:Command line arguments: ['/usr/bin/colcon', 'build']
[1.205s] DEBUG:colcon:Parsed command line arguments: Namespace(log_base=None, log_level=None, verb_name='build', build_base='build', install_base='install', merge_install=False, symlink_install=False, test_result_base=None, continue_on_error=False, executor='parallel', parallel_workers=4, event_handlers=None, ignore_user_meta=False, metas=['./colcon.meta'], base_paths=['.'], packages_ignore=None, packages_ignore_regex=None, paths=None, packages_up_to=None, packages_up_to_regex=None, packages_above=None, packages_above_and_dependencies=None, packages_above_depth=None, packages_select_by_dep=None, packages_skip_by_dep=None, packages_skip_up_to=None, packages_select_build_failed=False, packages_skip_build_finished=False, packages_select_test_failures=False, packages_skip_test_passed=False, packages_select=None, packages_skip=None, packages_select_regex=None, packages_skip_regex=None, packages_start=None, packages_end=None, allow_overriding=[], cmake_args=None, cmake_target=None, cmake_target_skip_unavailable=False, cmake_clean_cache=False, cmake_clean_first=False, cmake_force_configure=False, ament_cmake_args=None, catkin_cmake_args=None, catkin_skip_building_tests=False, verb_parser=<colcon_defaults.argument_parser.defaults.DefaultArgumentsDecorator object at 0x7fe8be49edd0>, verb_extension=<colcon_core.verb.build.BuildVerb object at 0x7fe8be49f940>, main=<bound method BuildVerb.main of <colcon_core.verb.build.BuildVerb object at 0x7fe8be49f940>>)
[1.259s] Level 1:colcon.colcon_core.package_discovery:discover_packages(colcon_meta) check parameters
[1.259s] Level 1:colcon.colcon_core.package_discovery:discover_packages(recursive) check parameters
[1.259s] Level 1:colcon.colcon_core.package_discovery:discover_packages(ignore) check parameters
[1.259s] Level 1:colcon.colcon_core.package_discovery:discover_packages(path) check parameters
[1.259s] Level 1:colcon.colcon_core.package_discovery:discover_packages(colcon_meta) discover
[1.259s] Level 1:colcon.colcon_core.package_discovery:discover_packages(recursive) discover
[1.259s] INFO:colcon.colcon_core.package_discovery:Crawling recursively for packages in '/home/arlo/d2lros2/chapt3/chapt3_ws/src/example_topic_rclcpp'
[1.259s] Level 1:colcon.colcon_core.package_identification:_identify(.) by extensions ['ignore', 'ignore_ament_install']
[1.259s] Level 1:colcon.colcon_core.package_identification:_identify(.) by extension 'ignore'
[1.259s] Level 1:colcon.colcon_core.package_identification:_identify(.) by extension 'ignore_ament_install'
[1.260s] Level 1:colcon.colcon_core.package_identification:_identify(.) by extensions ['colcon_pkg']
[1.260s] Level 1:colcon.colcon_core.package_identification:_identify(.) by extension 'colcon_pkg'
[1.260s] Level 1:colcon.colcon_core.package_identification:_identify(.) by extensions ['colcon_meta']
[1.260s] Level 1:colcon.colcon_core.package_identification:_identify(.) by extension 'colcon_meta'
[1.260s] Level 1:colcon.colcon_core.package_identification:_identify(.) by extensions ['ros']
[1.260s] Level 1:colcon.colcon_core.package_identification:_identify(.) by extension 'ros'
[1.273s] DEBUG:colcon.colcon_core.package_identification:Package '.' with type 'ros.ament_cmake' and name 'example_topic_rclcpp'
[1.273s] Level 1:colcon.colcon_core.package_discovery:discover_packages(recursive) using defaults
[1.273s] Level 1:colcon.colcon_core.package_discovery:discover_packages(ignore) discover
[1.274s] Level 1:colcon.colcon_core.package_discovery:discover_packages(ignore) using defaults
[1.274s] Level 1:colcon.colcon_core.package_discovery:discover_packages(path) discover
[1.274s] Level 1:colcon.colcon_core.package_discovery:discover_packages(path) using defaults
[1.386s] Level 1:colcon.colcon_core.package_discovery:discover_packages(prefix_path) check parameters
[1.386s] Level 1:colcon.colcon_core.package_discovery:discover_packages(prefix_path) discover
[1.427s] DEBUG:colcon.colcon_installed_package_information.package_discovery:Found 1 installed packages in /home/arlo/d2lros2/chapt3/chapt3_ws/src/example_topic_rclcpp/install
[1.446s] DEBUG:colcon.colcon_installed_package_information.package_discovery:Found 1 installed packages in /home/arlo/d2lros2/chapt3/chapt3_ws/src/install
[1.464s] DEBUG:colcon.colcon_installed_package_information.package_discovery:Found 1 installed packages in /home/arlo/d2lros2/chapt3/chapt3_ws/install
[1.486s] DEBUG:colcon.colcon_installed_package_information.package_discovery:Found 270 installed packages in /opt/ros/humble
[1.487s] Level 1:colcon.colcon_core.package_discovery:discover_packages(prefix_path) using defaults
[1.590s] Level 5:colcon.colcon_core.verb:set package 'example_topic_rclcpp' build argument 'cmake_args' from command line to 'None'
[1.590s] Level 5:colcon.colcon_core.verb:set package 'example_topic_rclcpp' build argument 'cmake_target' from command line to 'None'
[1.590s] Level 5:colcon.colcon_core.verb:set package 'example_topic_rclcpp' build argument 'cmake_target_skip_unavailable' from command line to 'False'
[1.590s] Level 5:colcon.colcon_core.verb:set package 'example_topic_rclcpp' build argument 'cmake_clean_cache' from command line to 'False'
[1.590s] Level 5:colcon.colcon_core.verb:set package 'example_topic_rclcpp' build argument 'cmake_clean_first' from command line to 'False'
[1.590s] Level 5:colcon.colcon_core.verb:set package 'example_topic_rclcpp' build argument 'cmake_force_configure' from command line to 'False'
[1.590s] Level 5:colcon.colcon_core.verb:set package 'example_topic_rclcpp' build argument 'ament_cmake_args' from command line to 'None'
[1.590s] Level 5:colcon.colcon_core.verb:set package 'example_topic_rclcpp' build argument 'catkin_cmake_args' from command line to 'None'
[1.590s] Level 5:colcon.colcon_core.verb:set package 'example_topic_rclcpp' build argument 'catkin_skip_building_tests' from command line to 'False'
[1.590s] DEBUG:colcon.colcon_core.verb:Building package 'example_topic_rclcpp' with the following arguments: {'ament_cmake_args': None, 'build_base': '/home/arlo/d2lros2/chapt3/chapt3_ws/src/example_topic_rclcpp/build/example_topic_rclcpp', 'catkin_cmake_args': None, 'catkin_skip_building_tests': False, 'cmake_args': None, 'cmake_clean_cache': False, 'cmake_clean_first': False, 'cmake_force_configure': False, 'cmake_target': None, 'cmake_target_skip_unavailable': False, 'install_base': '/home/arlo/d2lros2/chapt3/chapt3_ws/src/example_topic_rclcpp/install/example_topic_rclcpp', 'merge_install': False, 'path': '/home/arlo/d2lros2/chapt3/chapt3_ws/src/example_topic_rclcpp', 'symlink_install': False, 'test_result_base': None}
[1.609s] INFO:colcon.colcon_core.executor:Executing jobs using 'parallel' executor
[1.628s] DEBUG:colcon.colcon_parallel_executor.executor.parallel:run_until_complete
[1.628s] INFO:colcon.colcon_ros.task.ament_cmake.build:Building ROS package in '/home/arlo/d2lros2/chapt3/chapt3_ws/src/example_topic_rclcpp' with build type 'ament_cmake'
[1.628s] INFO:colcon.colcon_cmake.task.cmake.build:Building CMake package in '/home/arlo/d2lros2/chapt3/chapt3_ws/src/example_topic_rclcpp'
[1.650s] INFO:colcon.colcon_core.plugin_system:Skipping extension 'colcon_core.shell.bat': Not used on non-Windows systems
[1.650s] INFO:colcon.colcon_core.shell:Skip shell extension 'powershell' for command environment: Not usable outside of PowerShell
[1.650s] DEBUG:colcon.colcon_core.shell:Skip shell extension 'dsv' for command environment
[1.778s] DEBUG:colcon.colcon_core.event_handler.log_command:Invoking command in '/home/arlo/d2lros2/chapt3/chapt3_ws/src/example_topic_rclcpp/build/example_topic_rclcpp': CMAKE_PREFIX_PATH=${CMAKE_PREFIX_PATH}:/opt/ros/humble /usr/bin/cmake --build /home/arlo/d2lros2/chapt3/chapt3_ws/src/example_topic_rclcpp/build/example_topic_rclcpp -- -j4 -l4
[5.619s] DEBUG:colcon.colcon_core.event_handler.log_command:Invoked command in '/home/arlo/d2lros2/chapt3/chapt3_ws/src/example_topic_rclcpp/build/example_topic_rclcpp' returned '2': CMAKE_PREFIX_PATH=${CMAKE_PREFIX_PATH}:/opt/ros/humble /usr/bin/cmake --build /home/arlo/d2lros2/chapt3/chapt3_ws/src/example_topic_rclcpp/build/example_topic_rclcpp -- -j4 -l4
[5.744s] Level 1:colcon.colcon_core.environment:create_environment_scripts_only(example_topic_rclcpp)
[5.768s] Level 1:colcon.colcon_core.environment:checking '/home/arlo/d2lros2/chapt3/chapt3_ws/src/example_topic_rclcpp/install/example_topic_rclcpp' for CMake module files
[5.769s] Level 1:colcon.colcon_core.environment:checking '/home/arlo/d2lros2/chapt3/chapt3_ws/src/example_topic_rclcpp/install/example_topic_rclcpp' for CMake config files
[5.770s] Level 1:colcon.colcon_core.shell:create_environment_hook('example_topic_rclcpp', 'cmake_prefix_path')
[5.793s] INFO:colcon.colcon_core.shell:Creating environment hook '/home/arlo/d2lros2/chapt3/chapt3_ws/src/example_topic_rclcpp/install/example_topic_rclcpp/share/example_topic_rclcpp/hook/cmake_prefix_path.ps1'
[5.794s] INFO:colcon.colcon_core.shell:Creating environment descriptor '/home/arlo/d2lros2/chapt3/chapt3_ws/src/example_topic_rclcpp/install/example_topic_rclcpp/share/example_topic_rclcpp/hook/cmake_prefix_path.dsv'
[5.795s] INFO:colcon.colcon_core.shell:Creating environment hook '/home/arlo/d2lros2/chapt3/chapt3_ws/src/example_topic_rclcpp/install/example_topic_rclcpp/share/example_topic_rclcpp/hook/cmake_prefix_path.sh'
[5.796s] Level 1:colcon.colcon_core.environment:checking '/home/arlo/d2lros2/chapt3/chapt3_ws/src/example_topic_rclcpp/install/example_topic_rclcpp/lib'
[5.796s] Level 1:colcon.colcon_core.environment:checking '/home/arlo/d2lros2/chapt3/chapt3_ws/src/example_topic_rclcpp/install/example_topic_rclcpp/bin'
[5.796s] Level 1:colcon.colcon_core.environment:checking '/home/arlo/d2lros2/chapt3/chapt3_ws/src/example_topic_rclcpp/install/example_topic_rclcpp/lib/pkgconfig/example_topic_rclcpp.pc'
[5.796s] Level 1:colcon.colcon_core.environment:checking '/home/arlo/d2lros2/chapt3/chapt3_ws/src/example_topic_rclcpp/install/example_topic_rclcpp/lib/python3.10/site-packages'
[5.797s] Level 1:colcon.colcon_core.environment:checking '/home/arlo/d2lros2/chapt3/chapt3_ws/src/example_topic_rclcpp/install/example_topic_rclcpp/bin'
[5.818s] INFO:colcon.colcon_core.shell:Creating package script '/home/arlo/d2lros2/chapt3/chapt3_ws/src/example_topic_rclcpp/install/example_topic_rclcpp/share/example_topic_rclcpp/package.ps1'
[5.819s] INFO:colcon.colcon_core.shell:Creating package descriptor '/home/arlo/d2lros2/chapt3/chapt3_ws/src/example_topic_rclcpp/install/example_topic_rclcpp/share/example_topic_rclcpp/package.dsv'
[5.820s] INFO:colcon.colcon_core.shell:Creating package script '/home/arlo/d2lros2/chapt3/chapt3_ws/src/example_topic_rclcpp/install/example_topic_rclcpp/share/example_topic_rclcpp/package.sh'
[5.821s] INFO:colcon.colcon_core.shell:Creating package script '/home/arlo/d2lros2/chapt3/chapt3_ws/src/example_topic_rclcpp/install/example_topic_rclcpp/share/example_topic_rclcpp/package.bash'
[5.822s] INFO:colcon.colcon_core.shell:Creating package script '/home/arlo/d2lros2/chapt3/chapt3_ws/src/example_topic_rclcpp/install/example_topic_rclcpp/share/example_topic_rclcpp/package.zsh'
[5.822s] Level 1:colcon.colcon_core.environment:create_file_with_runtime_dependencies(/home/arlo/d2lros2/chapt3/chapt3_ws/src/example_topic_rclcpp/install/example_topic_rclcpp/share/colcon-core/packages/example_topic_rclcpp)
[5.833s] DEBUG:colcon.colcon_parallel_executor.executor.parallel:closing loop
[5.834s] DEBUG:colcon.colcon_parallel_executor.executor.parallel:loop closed
[5.834s] DEBUG:colcon.colcon_parallel_executor.executor.parallel:run_until_complete finished with '2'
[5.834s] DEBUG:colcon.colcon_core.event_reactor:joining thread
[5.869s] INFO:colcon.colcon_core.plugin_system:Skipping extension 'colcon_notification.desktop_notification.terminal_notifier': Not used on non-Darwin systems
[5.869s] INFO:colcon.colcon_core.plugin_system:Skipping extension 'colcon_notification.desktop_notification.win32': Not used on non-Windows systems
[5.869s] INFO:colcon.colcon_notification.desktop_notification:Sending desktop notification using 'notify2'
[5.894s] DEBUG:colcon.colcon_core.event_reactor:joined thread
[5.922s] INFO:colcon.colcon_core.shell:Creating prefix script '/home/arlo/d2lros2/chapt3/chapt3_ws/src/example_topic_rclcpp/install/local_setup.ps1'
[5.923s] INFO:colcon.colcon_core.shell:Creating prefix util module '/home/arlo/d2lros2/chapt3/chapt3_ws/src/example_topic_rclcpp/install/_local_setup_util_ps1.py'
[5.925s] INFO:colcon.colcon_core.shell:Creating prefix chain script '/home/arlo/d2lros2/chapt3/chapt3_ws/src/example_topic_rclcpp/install/setup.ps1'
[5.951s] INFO:colcon.colcon_core.shell:Creating prefix script '/home/arlo/d2lros2/chapt3/chapt3_ws/src/example_topic_rclcpp/install/local_setup.sh'
[5.952s] INFO:colcon.colcon_core.shell:Creating prefix util module '/home/arlo/d2lros2/chapt3/chapt3_ws/src/example_topic_rclcpp/install/_local_setup_util_sh.py'
[5.953s] INFO:colcon.colcon_core.shell:Creating prefix chain script '/home/arlo/d2lros2/chapt3/chapt3_ws/src/example_topic_rclcpp/install/setup.sh'
[5.979s] INFO:colcon.colcon_core.shell:Creating prefix script '/home/arlo/d2lros2/chapt3/chapt3_ws/src/example_topic_rclcpp/install/local_setup.bash'
[5.979s] INFO:colcon.colcon_core.shell:Creating prefix chain script '/home/arlo/d2lros2/chapt3/chapt3_ws/src/example_topic_rclcpp/install/setup.bash'
[6.003s] INFO:colcon.colcon_core.shell:Creating prefix script '/home/arlo/d2lros2/chapt3/chapt3_ws/src/example_topic_rclcpp/install/local_setup.zsh'
[6.004s] INFO:colcon.colcon_core.shell:Creating prefix chain script '/home/arlo/d2lros2/chapt3/chapt3_ws/src/example_topic_rclcpp/install/setup.zsh'
