[1.309s] DEBUG:colcon:Command line arguments: ['/usr/bin/colcon', 'build', '--packages-select', 'example_ros2_interfaces']
[1.310s] DEBUG:colcon:Parsed command line arguments: Namespace(log_base=None, log_level=None, verb_name='build', build_base='build', install_base='install', merge_install=False, symlink_install=False, test_result_base=None, continue_on_error=False, executor='parallel', parallel_workers=4, event_handlers=None, ignore_user_meta=False, metas=['./colcon.meta'], base_paths=['.'], packages_ignore=None, packages_ignore_regex=None, paths=None, packages_up_to=None, packages_up_to_regex=None, packages_above=None, packages_above_and_dependencies=None, packages_above_depth=None, packages_select_by_dep=None, packages_skip_by_dep=None, packages_skip_up_to=None, packages_select_build_failed=False, packages_skip_build_finished=False, packages_select_test_failures=False, packages_skip_test_passed=False, packages_select=['example_ros2_interfaces'], packages_skip=None, packages_select_regex=None, packages_skip_regex=None, packages_start=None, packages_end=None, allow_overriding=[], cmake_args=None, cmake_target=None, cmake_target_skip_unavailable=False, cmake_clean_cache=False, cmake_clean_first=False, cmake_force_configure=False, ament_cmake_args=None, catkin_cmake_args=None, catkin_skip_building_tests=False, verb_parser=<colcon_defaults.argument_parser.defaults.DefaultArgumentsDecorator object at 0x7f2522092bf0>, verb_extension=<colcon_core.verb.build.BuildVerb object at 0x7f2522093760>, main=<bound method BuildVerb.main of <colcon_core.verb.build.BuildVerb object at 0x7f2522093760>>)
[1.381s] Level 1:colcon.colcon_core.package_discovery:discover_packages(colcon_meta) check parameters
[1.381s] Level 1:colcon.colcon_core.package_discovery:discover_packages(recursive) check parameters
[1.381s] Level 1:colcon.colcon_core.package_discovery:discover_packages(ignore) check parameters
[1.381s] Level 1:colcon.colcon_core.package_discovery:discover_packages(path) check parameters
[1.381s] Level 1:colcon.colcon_core.package_discovery:discover_packages(colcon_meta) discover
[1.381s] Level 1:colcon.colcon_core.package_discovery:discover_packages(recursive) discover
[1.381s] INFO:colcon.colcon_core.package_discovery:Crawling recursively for packages in '/home/arlo/d2lros2/chapt3/chapt3_ws/src'
[1.381s] Level 1:colcon.colcon_core.package_identification:_identify(.) by extensions ['ignore', 'ignore_ament_install']
[1.382s] Level 1:colcon.colcon_core.package_identification:_identify(.) by extension 'ignore'
[1.382s] Level 1:colcon.colcon_core.package_identification:_identify(.) by extension 'ignore_ament_install'
[1.382s] Level 1:colcon.colcon_core.package_identification:_identify(.) by extensions ['colcon_pkg']
[1.382s] Level 1:colcon.colcon_core.package_identification:_identify(.) by extension 'colcon_pkg'
[1.382s] Level 1:colcon.colcon_core.package_identification:_identify(.) by extensions ['colcon_meta']
[1.382s] Level 1:colcon.colcon_core.package_identification:_identify(.) by extension 'colcon_meta'
[1.382s] Level 1:colcon.colcon_core.package_identification:_identify(.) by extensions ['ros']
[1.382s] Level 1:colcon.colcon_core.package_identification:_identify(.) by extension 'ros'
[1.392s] Level 1:colcon.colcon_core.package_identification:_identify(.) by extensions ['cmake', 'python']
[1.392s] Level 1:colcon.colcon_core.package_identification:_identify(.) by extension 'cmake'
[1.392s] Level 1:colcon.colcon_core.package_identification:_identify(.) by extension 'python'
[1.392s] Level 1:colcon.colcon_core.package_identification:_identify(.) by extensions ['python_setup_py']
[1.392s] Level 1:colcon.colcon_core.package_identification:_identify(.) by extension 'python_setup_py'
[1.392s] Level 1:colcon.colcon_core.package_identification:_identify(build) by extensions ['ignore', 'ignore_ament_install']
[1.392s] Level 1:colcon.colcon_core.package_identification:_identify(build) by extension 'ignore'
[1.392s] Level 1:colcon.colcon_core.package_identification:_identify(build) ignored
[1.392s] Level 1:colcon.colcon_core.package_identification:_identify(example_ros2_interfaces) by extensions ['ignore', 'ignore_ament_install']
[1.392s] Level 1:colcon.colcon_core.package_identification:_identify(example_ros2_interfaces) by extension 'ignore'
[1.393s] Level 1:colcon.colcon_core.package_identification:_identify(example_ros2_interfaces) by extension 'ignore_ament_install'
[1.393s] Level 1:colcon.colcon_core.package_identification:_identify(example_ros2_interfaces) by extensions ['colcon_pkg']
[1.393s] Level 1:colcon.colcon_core.package_identification:_identify(example_ros2_interfaces) by extension 'colcon_pkg'
[1.393s] Level 1:colcon.colcon_core.package_identification:_identify(example_ros2_interfaces) by extensions ['colcon_meta']
[1.393s] Level 1:colcon.colcon_core.package_identification:_identify(example_ros2_interfaces) by extension 'colcon_meta'
[1.393s] Level 1:colcon.colcon_core.package_identification:_identify(example_ros2_interfaces) by extensions ['ros']
[1.393s] Level 1:colcon.colcon_core.package_identification:_identify(example_ros2_interfaces) by extension 'ros'
[1.397s] DEBUG:colcon.colcon_core.package_identification:Package 'example_ros2_interfaces' with type 'ros.ament_cmake' and name 'example_ros2_interfaces'
[1.397s] Level 1:colcon.colcon_core.package_identification:_identify(example_service_rclcpp) by extensions ['ignore', 'ignore_ament_install']
[1.397s] Level 1:colcon.colcon_core.package_identification:_identify(example_service_rclcpp) by extension 'ignore'
[1.397s] Level 1:colcon.colcon_core.package_identification:_identify(example_service_rclcpp) by extension 'ignore_ament_install'
[1.397s] Level 1:colcon.colcon_core.package_identification:_identify(example_service_rclcpp) by extensions ['colcon_pkg']
[1.397s] Level 1:colcon.colcon_core.package_identification:_identify(example_service_rclcpp) by extension 'colcon_pkg'
[1.397s] Level 1:colcon.colcon_core.package_identification:_identify(example_service_rclcpp) by extensions ['colcon_meta']
[1.397s] Level 1:colcon.colcon_core.package_identification:_identify(example_service_rclcpp) by extension 'colcon_meta'
[1.397s] Level 1:colcon.colcon_core.package_identification:_identify(example_service_rclcpp) by extensions ['ros']
[1.397s] Level 1:colcon.colcon_core.package_identification:_identify(example_service_rclcpp) by extension 'ros'
[1.398s] DEBUG:colcon.colcon_core.package_identification:Package 'example_service_rclcpp' with type 'ros.ament_cmake' and name 'example_service_rclcpp'
[1.398s] Level 1:colcon.colcon_core.package_identification:_identify(example_topic_rclcpp) by extensions ['ignore', 'ignore_ament_install']
[1.398s] Level 1:colcon.colcon_core.package_identification:_identify(example_topic_rclcpp) by extension 'ignore'
[1.398s] Level 1:colcon.colcon_core.package_identification:_identify(example_topic_rclcpp) by extension 'ignore_ament_install'
[1.398s] Level 1:colcon.colcon_core.package_identification:_identify(example_topic_rclcpp) by extensions ['colcon_pkg']
[1.398s] Level 1:colcon.colcon_core.package_identification:_identify(example_topic_rclcpp) by extension 'colcon_pkg'
[1.398s] Level 1:colcon.colcon_core.package_identification:_identify(example_topic_rclcpp) by extensions ['colcon_meta']
[1.398s] Level 1:colcon.colcon_core.package_identification:_identify(example_topic_rclcpp) by extension 'colcon_meta'
[1.398s] Level 1:colcon.colcon_core.package_identification:_identify(example_topic_rclcpp) by extensions ['ros']
[1.398s] Level 1:colcon.colcon_core.package_identification:_identify(example_topic_rclcpp) by extension 'ros'
[1.399s] DEBUG:colcon.colcon_core.package_identification:Package 'example_topic_rclcpp' with type 'ros.ament_cmake' and name 'example_topic_rclcpp'
[1.399s] Level 1:colcon.colcon_core.package_identification:_identify(install) by extensions ['ignore', 'ignore_ament_install']
[1.399s] Level 1:colcon.colcon_core.package_identification:_identify(install) by extension 'ignore'
[1.400s] Level 1:colcon.colcon_core.package_identification:_identify(install) ignored
[1.400s] Level 1:colcon.colcon_core.package_identification:_identify(log) by extensions ['ignore', 'ignore_ament_install']
[1.400s] Level 1:colcon.colcon_core.package_identification:_identify(log) by extension 'ignore'
[1.400s] Level 1:colcon.colcon_core.package_identification:_identify(log) ignored
[1.400s] Level 1:colcon.colcon_core.package_discovery:discover_packages(recursive) using defaults
[1.400s] Level 1:colcon.colcon_core.package_discovery:discover_packages(ignore) discover
[1.400s] Level 1:colcon.colcon_core.package_discovery:discover_packages(ignore) using defaults
[1.400s] Level 1:colcon.colcon_core.package_discovery:discover_packages(path) discover
[1.400s] Level 1:colcon.colcon_core.package_discovery:discover_packages(path) using defaults
[1.479s] INFO:colcon.colcon_core.package_selection:Skipping not selected package 'example_service_rclcpp' in 'example_service_rclcpp'
[1.479s] INFO:colcon.colcon_core.package_selection:Skipping not selected package 'example_topic_rclcpp' in 'example_topic_rclcpp'
[1.511s] Level 1:colcon.colcon_core.package_discovery:discover_packages(prefix_path) check parameters
[1.511s] Level 1:colcon.colcon_core.package_discovery:discover_packages(prefix_path) discover
[1.550s] DEBUG:colcon.colcon_installed_package_information.package_discovery:Found 3 installed packages in /home/arlo/d2lros2/chapt3/chapt3_ws/install
[1.570s] DEBUG:colcon.colcon_installed_package_information.package_discovery:Found 270 installed packages in /opt/ros/humble
[1.571s] Level 1:colcon.colcon_core.package_discovery:discover_packages(prefix_path) using defaults
[1.722s] Level 5:colcon.colcon_core.verb:set package 'example_ros2_interfaces' build argument 'cmake_args' from command line to 'None'
[1.722s] Level 5:colcon.colcon_core.verb:set package 'example_ros2_interfaces' build argument 'cmake_target' from command line to 'None'
[1.722s] Level 5:colcon.colcon_core.verb:set package 'example_ros2_interfaces' build argument 'cmake_target_skip_unavailable' from command line to 'False'
[1.722s] Level 5:colcon.colcon_core.verb:set package 'example_ros2_interfaces' build argument 'cmake_clean_cache' from command line to 'False'
[1.722s] Level 5:colcon.colcon_core.verb:set package 'example_ros2_interfaces' build argument 'cmake_clean_first' from command line to 'False'
[1.722s] Level 5:colcon.colcon_core.verb:set package 'example_ros2_interfaces' build argument 'cmake_force_configure' from command line to 'False'
[1.722s] Level 5:colcon.colcon_core.verb:set package 'example_ros2_interfaces' build argument 'ament_cmake_args' from command line to 'None'
[1.722s] Level 5:colcon.colcon_core.verb:set package 'example_ros2_interfaces' build argument 'catkin_cmake_args' from command line to 'None'
[1.723s] Level 5:colcon.colcon_core.verb:set package 'example_ros2_interfaces' build argument 'catkin_skip_building_tests' from command line to 'False'
[1.723s] DEBUG:colcon.colcon_core.verb:Building package 'example_ros2_interfaces' with the following arguments: {'ament_cmake_args': None, 'build_base': '/home/arlo/d2lros2/chapt3/chapt3_ws/src/build/example_ros2_interfaces', 'catkin_cmake_args': None, 'catkin_skip_building_tests': False, 'cmake_args': None, 'cmake_clean_cache': False, 'cmake_clean_first': False, 'cmake_force_configure': False, 'cmake_target': None, 'cmake_target_skip_unavailable': False, 'install_base': '/home/arlo/d2lros2/chapt3/chapt3_ws/src/install/example_ros2_interfaces', 'merge_install': False, 'path': '/home/arlo/d2lros2/chapt3/chapt3_ws/src/example_ros2_interfaces', 'symlink_install': False, 'test_result_base': None}
[1.737s] INFO:colcon.colcon_core.executor:Executing jobs using 'parallel' executor
[1.753s] DEBUG:colcon.colcon_parallel_executor.executor.parallel:run_until_complete
[1.760s] INFO:colcon.colcon_ros.task.ament_cmake.build:Building ROS package in '/home/arlo/d2lros2/chapt3/chapt3_ws/src/example_ros2_interfaces' with build type 'ament_cmake'
[1.760s] INFO:colcon.colcon_cmake.task.cmake.build:Building CMake package in '/home/arlo/d2lros2/chapt3/chapt3_ws/src/example_ros2_interfaces'
[1.779s] INFO:colcon.colcon_core.plugin_system:Skipping extension 'colcon_core.shell.bat': Not used on non-Windows systems
[1.779s] INFO:colcon.colcon_core.shell:Skip shell extension 'powershell' for command environment: Not usable outside of PowerShell
[1.779s] DEBUG:colcon.colcon_core.shell:Skip shell extension 'dsv' for command environment
[1.847s] DEBUG:colcon.colcon_core.event_handler.log_command:Invoking command in '/home/arlo/d2lros2/chapt3/chapt3_ws/src/build/example_ros2_interfaces': CMAKE_PREFIX_PATH=${CMAKE_PREFIX_PATH}:/opt/ros/humble /usr/bin/cmake /home/arlo/d2lros2/chapt3/chapt3_ws/src/example_ros2_interfaces -DCMAKE_INSTALL_PREFIX=/home/arlo/d2lros2/chapt3/chapt3_ws/src/install/example_ros2_interfaces
[5.103s] DEBUG:colcon.colcon_core.event_handler.log_command:Invoked command in '/home/arlo/d2lros2/chapt3/chapt3_ws/src/build/example_ros2_interfaces' returned '0': CMAKE_PREFIX_PATH=${CMAKE_PREFIX_PATH}:/opt/ros/humble /usr/bin/cmake /home/arlo/d2lros2/chapt3/chapt3_ws/src/example_ros2_interfaces -DCMAKE_INSTALL_PREFIX=/home/arlo/d2lros2/chapt3/chapt3_ws/src/install/example_ros2_interfaces
[5.106s] DEBUG:colcon.colcon_core.event_handler.log_command:Invoking command in '/home/arlo/d2lros2/chapt3/chapt3_ws/src/build/example_ros2_interfaces': CMAKE_PREFIX_PATH=${CMAKE_PREFIX_PATH}:/opt/ros/humble /usr/bin/cmake --build /home/arlo/d2lros2/chapt3/chapt3_ws/src/build/example_ros2_interfaces -- -j4 -l4
[11.550s] DEBUG:colcon.colcon_core.event_handler.log_command:Invoked command in '/home/arlo/d2lros2/chapt3/chapt3_ws/src/build/example_ros2_interfaces' returned '0': CMAKE_PREFIX_PATH=${CMAKE_PREFIX_PATH}:/opt/ros/humble /usr/bin/cmake --build /home/arlo/d2lros2/chapt3/chapt3_ws/src/build/example_ros2_interfaces -- -j4 -l4
[11.981s] DEBUG:colcon.colcon_core.event_handler.log_command:Invoking command in '/home/arlo/d2lros2/chapt3/chapt3_ws/src/build/example_ros2_interfaces': CMAKE_PREFIX_PATH=${CMAKE_PREFIX_PATH}:/opt/ros/humble /usr/bin/cmake --install /home/arlo/d2lros2/chapt3/chapt3_ws/src/build/example_ros2_interfaces
[12.163s] Level 1:colcon.colcon_core.environment:create_environment_scripts_only(example_ros2_interfaces)
[12.164s] DEBUG:colcon.colcon_core.event_handler.log_command:Invoked command in '/home/arlo/d2lros2/chapt3/chapt3_ws/src/build/example_ros2_interfaces' returned '0': CMAKE_PREFIX_PATH=${CMAKE_PREFIX_PATH}:/opt/ros/humble /usr/bin/cmake --install /home/arlo/d2lros2/chapt3/chapt3_ws/src/build/example_ros2_interfaces
[12.189s] Level 1:colcon.colcon_core.environment:checking '/home/arlo/d2lros2/chapt3/chapt3_ws/src/install/example_ros2_interfaces' for CMake module files
[12.190s] Level 1:colcon.colcon_core.environment:checking '/home/arlo/d2lros2/chapt3/chapt3_ws/src/install/example_ros2_interfaces' for CMake config files
[12.192s] Level 1:colcon.colcon_core.shell:create_environment_hook('example_ros2_interfaces', 'cmake_prefix_path')
[12.210s] INFO:colcon.colcon_core.shell:Creating environment hook '/home/arlo/d2lros2/chapt3/chapt3_ws/src/install/example_ros2_interfaces/share/example_ros2_interfaces/hook/cmake_prefix_path.ps1'
[12.212s] INFO:colcon.colcon_core.shell:Creating environment descriptor '/home/arlo/d2lros2/chapt3/chapt3_ws/src/install/example_ros2_interfaces/share/example_ros2_interfaces/hook/cmake_prefix_path.dsv'
[12.212s] INFO:colcon.colcon_core.shell:Creating environment hook '/home/arlo/d2lros2/chapt3/chapt3_ws/src/install/example_ros2_interfaces/share/example_ros2_interfaces/hook/cmake_prefix_path.sh'
[12.213s] Level 1:colcon.colcon_core.environment:checking '/home/arlo/d2lros2/chapt3/chapt3_ws/src/install/example_ros2_interfaces/lib'
[12.214s] Level 1:colcon.colcon_core.shell:create_environment_hook('example_ros2_interfaces', 'ld_library_path_lib')
[12.233s] INFO:colcon.colcon_core.shell:Creating environment hook '/home/arlo/d2lros2/chapt3/chapt3_ws/src/install/example_ros2_interfaces/share/example_ros2_interfaces/hook/ld_library_path_lib.ps1'
[12.234s] INFO:colcon.colcon_core.shell:Creating environment descriptor '/home/arlo/d2lros2/chapt3/chapt3_ws/src/install/example_ros2_interfaces/share/example_ros2_interfaces/hook/ld_library_path_lib.dsv'
[12.234s] INFO:colcon.colcon_core.shell:Creating environment hook '/home/arlo/d2lros2/chapt3/chapt3_ws/src/install/example_ros2_interfaces/share/example_ros2_interfaces/hook/ld_library_path_lib.sh'
[12.235s] Level 1:colcon.colcon_core.environment:checking '/home/arlo/d2lros2/chapt3/chapt3_ws/src/install/example_ros2_interfaces/bin'
[12.235s] Level 1:colcon.colcon_core.environment:checking '/home/arlo/d2lros2/chapt3/chapt3_ws/src/install/example_ros2_interfaces/lib/pkgconfig/example_ros2_interfaces.pc'
[12.235s] Level 1:colcon.colcon_core.environment:checking '/home/arlo/d2lros2/chapt3/chapt3_ws/src/install/example_ros2_interfaces/lib/python3.10/site-packages'
[12.235s] Level 1:colcon.colcon_core.environment:checking '/home/arlo/d2lros2/chapt3/chapt3_ws/src/install/example_ros2_interfaces/bin'
[12.254s] INFO:colcon.colcon_core.shell:Creating package script '/home/arlo/d2lros2/chapt3/chapt3_ws/src/install/example_ros2_interfaces/share/example_ros2_interfaces/package.ps1'
[12.255s] INFO:colcon.colcon_core.shell:Creating package descriptor '/home/arlo/d2lros2/chapt3/chapt3_ws/src/install/example_ros2_interfaces/share/example_ros2_interfaces/package.dsv'
[12.256s] INFO:colcon.colcon_core.shell:Creating package script '/home/arlo/d2lros2/chapt3/chapt3_ws/src/install/example_ros2_interfaces/share/example_ros2_interfaces/package.sh'
[12.257s] INFO:colcon.colcon_core.shell:Creating package script '/home/arlo/d2lros2/chapt3/chapt3_ws/src/install/example_ros2_interfaces/share/example_ros2_interfaces/package.bash'
[12.258s] INFO:colcon.colcon_core.shell:Creating package script '/home/arlo/d2lros2/chapt3/chapt3_ws/src/install/example_ros2_interfaces/share/example_ros2_interfaces/package.zsh'
[12.259s] Level 1:colcon.colcon_core.environment:create_file_with_runtime_dependencies(/home/arlo/d2lros2/chapt3/chapt3_ws/src/install/example_ros2_interfaces/share/colcon-core/packages/example_ros2_interfaces)
[12.696s] Level 1:colcon.colcon_core.environment:create_environment_scripts_only(example_ros2_interfaces)
[12.723s] Level 1:colcon.colcon_core.environment:checking '/home/arlo/d2lros2/chapt3/chapt3_ws/src/install/example_ros2_interfaces' for CMake module files
[12.725s] Level 1:colcon.colcon_core.environment:checking '/home/arlo/d2lros2/chapt3/chapt3_ws/src/install/example_ros2_interfaces' for CMake config files
[12.726s] Level 1:colcon.colcon_core.shell:create_environment_hook('example_ros2_interfaces', 'cmake_prefix_path')
[12.745s] INFO:colcon.colcon_core.shell:Creating environment hook '/home/arlo/d2lros2/chapt3/chapt3_ws/src/install/example_ros2_interfaces/share/example_ros2_interfaces/hook/cmake_prefix_path.ps1'
[12.746s] INFO:colcon.colcon_core.shell:Creating environment descriptor '/home/arlo/d2lros2/chapt3/chapt3_ws/src/install/example_ros2_interfaces/share/example_ros2_interfaces/hook/cmake_prefix_path.dsv'
[12.746s] INFO:colcon.colcon_core.shell:Creating environment hook '/home/arlo/d2lros2/chapt3/chapt3_ws/src/install/example_ros2_interfaces/share/example_ros2_interfaces/hook/cmake_prefix_path.sh'
[12.747s] Level 1:colcon.colcon_core.environment:checking '/home/arlo/d2lros2/chapt3/chapt3_ws/src/install/example_ros2_interfaces/lib'
[12.747s] Level 1:colcon.colcon_core.shell:create_environment_hook('example_ros2_interfaces', 'ld_library_path_lib')
[12.765s] INFO:colcon.colcon_core.shell:Creating environment hook '/home/arlo/d2lros2/chapt3/chapt3_ws/src/install/example_ros2_interfaces/share/example_ros2_interfaces/hook/ld_library_path_lib.ps1'
[12.766s] INFO:colcon.colcon_core.shell:Creating environment descriptor '/home/arlo/d2lros2/chapt3/chapt3_ws/src/install/example_ros2_interfaces/share/example_ros2_interfaces/hook/ld_library_path_lib.dsv'
[12.766s] INFO:colcon.colcon_core.shell:Creating environment hook '/home/arlo/d2lros2/chapt3/chapt3_ws/src/install/example_ros2_interfaces/share/example_ros2_interfaces/hook/ld_library_path_lib.sh'
[12.767s] Level 1:colcon.colcon_core.environment:checking '/home/arlo/d2lros2/chapt3/chapt3_ws/src/install/example_ros2_interfaces/bin'
[12.767s] Level 1:colcon.colcon_core.environment:checking '/home/arlo/d2lros2/chapt3/chapt3_ws/src/install/example_ros2_interfaces/lib/pkgconfig/example_ros2_interfaces.pc'
[12.767s] Level 1:colcon.colcon_core.environment:checking '/home/arlo/d2lros2/chapt3/chapt3_ws/src/install/example_ros2_interfaces/lib/python3.10/site-packages'
[12.767s] Level 1:colcon.colcon_core.environment:checking '/home/arlo/d2lros2/chapt3/chapt3_ws/src/install/example_ros2_interfaces/bin'
[12.786s] INFO:colcon.colcon_core.shell:Creating package script '/home/arlo/d2lros2/chapt3/chapt3_ws/src/install/example_ros2_interfaces/share/example_ros2_interfaces/package.ps1'
[12.786s] INFO:colcon.colcon_core.shell:Creating package descriptor '/home/arlo/d2lros2/chapt3/chapt3_ws/src/install/example_ros2_interfaces/share/example_ros2_interfaces/package.dsv'
[12.787s] INFO:colcon.colcon_core.shell:Creating package script '/home/arlo/d2lros2/chapt3/chapt3_ws/src/install/example_ros2_interfaces/share/example_ros2_interfaces/package.sh'
[12.788s] INFO:colcon.colcon_core.shell:Creating package script '/home/arlo/d2lros2/chapt3/chapt3_ws/src/install/example_ros2_interfaces/share/example_ros2_interfaces/package.bash'
[12.788s] INFO:colcon.colcon_core.shell:Creating package script '/home/arlo/d2lros2/chapt3/chapt3_ws/src/install/example_ros2_interfaces/share/example_ros2_interfaces/package.zsh'
[12.789s] Level 1:colcon.colcon_core.environment:create_file_with_runtime_dependencies(/home/arlo/d2lros2/chapt3/chapt3_ws/src/install/example_ros2_interfaces/share/colcon-core/packages/example_ros2_interfaces)
[12.789s] DEBUG:colcon.colcon_parallel_executor.executor.parallel:closing loop
[12.789s] DEBUG:colcon.colcon_parallel_executor.executor.parallel:loop closed
[12.790s] DEBUG:colcon.colcon_parallel_executor.executor.parallel:run_until_complete finished with '0'
[12.790s] DEBUG:colcon.colcon_core.event_reactor:joining thread
[12.832s] INFO:colcon.colcon_core.plugin_system:Skipping extension 'colcon_notification.desktop_notification.terminal_notifier': Not used on non-Darwin systems
[12.833s] INFO:colcon.colcon_core.plugin_system:Skipping extension 'colcon_notification.desktop_notification.win32': Not used on non-Windows systems
[12.833s] INFO:colcon.colcon_notification.desktop_notification:Sending desktop notification using 'notify2'
[12.887s] DEBUG:colcon.colcon_core.event_reactor:joined thread
[12.913s] INFO:colcon.colcon_core.shell:Creating prefix script '/home/arlo/d2lros2/chapt3/chapt3_ws/src/install/local_setup.ps1'
[12.915s] INFO:colcon.colcon_core.shell:Creating prefix util module '/home/arlo/d2lros2/chapt3/chapt3_ws/src/install/_local_setup_util_ps1.py'
[12.920s] INFO:colcon.colcon_core.shell:Creating prefix chain script '/home/arlo/d2lros2/chapt3/chapt3_ws/src/install/setup.ps1'
[12.944s] INFO:colcon.colcon_core.shell:Creating prefix script '/home/arlo/d2lros2/chapt3/chapt3_ws/src/install/local_setup.sh'
[12.947s] INFO:colcon.colcon_core.shell:Creating prefix util module '/home/arlo/d2lros2/chapt3/chapt3_ws/src/install/_local_setup_util_sh.py'
[12.948s] INFO:colcon.colcon_core.shell:Creating prefix chain script '/home/arlo/d2lros2/chapt3/chapt3_ws/src/install/setup.sh'
[12.971s] INFO:colcon.colcon_core.shell:Creating prefix script '/home/arlo/d2lros2/chapt3/chapt3_ws/src/install/local_setup.bash'
[12.972s] INFO:colcon.colcon_core.shell:Creating prefix chain script '/home/arlo/d2lros2/chapt3/chapt3_ws/src/install/setup.bash'
[12.994s] INFO:colcon.colcon_core.shell:Creating prefix script '/home/arlo/d2lros2/chapt3/chapt3_ws/src/install/local_setup.zsh'
[12.998s] INFO:colcon.colcon_core.shell:Creating prefix chain script '/home/arlo/d2lros2/chapt3/chapt3_ws/src/install/setup.zsh'
