-- The C compiler identification is GNU 11.4.0
-- The CXX compiler identification is GNU 11.4.0
-- Detecting C compiler ABI info
-- Detecting C compiler ABI info - done
-- Check for working C compiler: /usr/bin/cc - skipped
-- Detecting C compile features
-- Detecting C compile features - done
-- Detecting CXX compiler ABI info
-- Detecting CXX compiler ABI info - done
-- Check for working CXX compiler: /usr/bin/c++ - skipped
-- Detecting CXX compile features
-- Detecting CXX compile features - done
-- Found ament_cmake: 1.3.8 (/opt/ros/humble/share/ament_cmake/cmake)
-- Found Python3: /usr/bin/python3 (found version "3.10.12") found components: Interpreter 
-- Found rosidl_default_generators: 1.2.0 (/opt/ros/humble/share/rosidl_default_generators/cmake)
-- Using all available rosidl_typesupport_c: rosidl_typesupport_fastrtps_c;rosidl_typesupport_introspection_c
-- Found rosidl_adapter: 3.1.5 (/opt/ros/humble/share/rosidl_adapter/cmake)
-- Using all available rosidl_typesupport_cpp: rosidl_typesupport_fastrtps_cpp;rosidl_typesupport_introspection_cpp
-- Found geometry_msgs: 4.2.3 (/opt/ros/humble/share/geometry_msgs/cmake)
-- Found ament_cmake_ros: 0.10.0 (/opt/ros/humble/share/ament_cmake_ros/cmake)
-- Using all available rosidl_typesupport_c: rosidl_typesupport_fastrtps_c;rosidl_typesupport_introspection_c
-- Using all available rosidl_typesupport_cpp: rosidl_typesupport_fastrtps_cpp;rosidl_typesupport_introspection_cpp
-- Found PythonInterp: /usr/bin/python3 (found suitable version "3.10.12", minimum required is "3.6") 
-- Found python_cmake_module: 0.10.0 (/opt/ros/humble/share/python_cmake_module/cmake)
-- Found PythonLibs: /usr/lib/x86_64-linux-gnu/libpython3.10.so (found suitable version "3.10.12", minimum required is "3.5") 
-- Using PYTHON_EXECUTABLE: /usr/bin/python3
-- Using PYTHON_INCLUDE_DIRS: /usr/include/python3.10
-- Using PYTHON_LIBRARIES: /usr/lib/x86_64-linux-gnu/libpython3.10.so
-- Found PythonExtra: .so  
-- Found ament_lint_auto: 0.12.10 (/opt/ros/humble/share/ament_lint_auto/cmake)
-- Added test 'lint_cmake' to check CMake code style
-- Added test 'xmllint' to check XML markup files
-- Configuring done
-- Generating done
-- Build files have been written to: /home/arlo/d2lros2/chapt3/chapt3_ws/src/build/example_ros2_interfaces
[  2%] [34m[1mGenerating C code for ROS interfaces[0m
[  4%] [34m[1mGenerating C++ code for ROS interfaces[0m
[  4%] Built target ament_cmake_python_copy_example_ros2_interfaces
running egg_info
creating example_ros2_interfaces.egg-info
writing example_ros2_interfaces.egg-info/PKG-INFO
writing dependency_links to example_ros2_interfaces.egg-info/dependency_links.txt
writing top-level names to example_ros2_interfaces.egg-info/top_level.txt
writing manifest file 'example_ros2_interfaces.egg-info/SOURCES.txt'
reading manifest file 'example_ros2_interfaces.egg-info/SOURCES.txt'
writing manifest file 'example_ros2_interfaces.egg-info/SOURCES.txt'
[  4%] Built target example_ros2_interfaces__cpp
[  6%] [32mBuilding C object CMakeFiles/example_ros2_interfaces__rosidl_generator_c.dir/rosidl_generator_c/example_ros2_interfaces/msg/detail/robot_status__functions.c.o[0m
[  8%] [32mBuilding C object CMakeFiles/example_ros2_interfaces__rosidl_generator_c.dir/rosidl_generator_c/example_ros2_interfaces/msg/detail/robot_pose__functions.c.o[0m
[ 10%] [34m[1mGenerating C++ type support dispatch for ROS interfaces[0m
[ 10%] Built target ament_cmake_python_build_example_ros2_interfaces_egg
[ 12%] [34m[1mGenerating C++ type support for eProsima Fast-RTPS[0m
[ 14%] [34m[1mGenerating C++ introspection for ROS interfaces[0m
[ 17%] [32mBuilding C object CMakeFiles/example_ros2_interfaces__rosidl_generator_c.dir/rosidl_generator_c/example_ros2_interfaces/srv/detail/move_robot__functions.c.o[0m
[ 19%] [32mBuilding CXX object CMakeFiles/example_ros2_interfaces__rosidl_typesupport_cpp.dir/rosidl_typesupport_cpp/example_ros2_interfaces/msg/robot_pose__type_support.cpp.o[0m
[ 21%] [32m[1mLinking C shared library libexample_ros2_interfaces__rosidl_generator_c.so[0m
[ 21%] Built target example_ros2_interfaces__rosidl_generator_c
[ 23%] [32mBuilding CXX object CMakeFiles/example_ros2_interfaces__rosidl_typesupport_cpp.dir/rosidl_typesupport_cpp/example_ros2_interfaces/msg/robot_status__type_support.cpp.o[0m
[ 25%] [32mBuilding CXX object CMakeFiles/example_ros2_interfaces__rosidl_typesupport_fastrtps_cpp.dir/rosidl_typesupport_fastrtps_cpp/example_ros2_interfaces/msg/detail/dds_fastrtps/robot_pose__type_support.cpp.o[0m
[ 27%] [32mBuilding CXX object CMakeFiles/example_ros2_interfaces__rosidl_typesupport_introspection_cpp.dir/rosidl_typesupport_introspection_cpp/example_ros2_interfaces/msg/detail/robot_pose__type_support.cpp.o[0m
[ 29%] [32mBuilding CXX object CMakeFiles/example_ros2_interfaces__rosidl_typesupport_cpp.dir/rosidl_typesupport_cpp/example_ros2_interfaces/srv/move_robot__type_support.cpp.o[0m
[ 31%] [32mBuilding CXX object CMakeFiles/example_ros2_interfaces__rosidl_typesupport_fastrtps_cpp.dir/rosidl_typesupport_fastrtps_cpp/example_ros2_interfaces/msg/detail/dds_fastrtps/robot_status__type_support.cpp.o[0m
[ 34%] [32mBuilding CXX object CMakeFiles/example_ros2_interfaces__rosidl_typesupport_fastrtps_cpp.dir/rosidl_typesupport_fastrtps_cpp/example_ros2_interfaces/srv/detail/dds_fastrtps/move_robot__type_support.cpp.o[0m
[ 36%] [32mBuilding CXX object CMakeFiles/example_ros2_interfaces__rosidl_typesupport_introspection_cpp.dir/rosidl_typesupport_introspection_cpp/example_ros2_interfaces/msg/detail/robot_status__type_support.cpp.o[0m
[ 38%] [32m[1mLinking CXX shared library libexample_ros2_interfaces__rosidl_typesupport_cpp.so[0m
[ 38%] Built target example_ros2_interfaces__rosidl_typesupport_cpp
[ 40%] [34m[1mGenerating C type support for eProsima Fast-RTPS[0m
[ 42%] [34m[1mGenerating C introspection for ROS interfaces[0m
[ 44%] [32m[1mLinking CXX shared library libexample_ros2_interfaces__rosidl_typesupport_fastrtps_cpp.so[0m
[ 44%] Built target example_ros2_interfaces__rosidl_typesupport_fastrtps_cpp
[ 46%] [34m[1mGenerating C type support dispatch for ROS interfaces[0m
[ 48%] [32mBuilding CXX object CMakeFiles/example_ros2_interfaces__rosidl_typesupport_introspection_cpp.dir/rosidl_typesupport_introspection_cpp/example_ros2_interfaces/srv/detail/move_robot__type_support.cpp.o[0m
[ 51%] [32mBuilding CXX object CMakeFiles/example_ros2_interfaces__rosidl_typesupport_fastrtps_c.dir/rosidl_typesupport_fastrtps_c/example_ros2_interfaces/msg/detail/robot_pose__type_support_c.cpp.o[0m
[ 53%] [32mBuilding CXX object CMakeFiles/example_ros2_interfaces__rosidl_typesupport_c.dir/rosidl_typesupport_c/example_ros2_interfaces/msg/robot_pose__type_support.cpp.o[0m
[ 55%] [32mBuilding C object CMakeFiles/example_ros2_interfaces__rosidl_typesupport_introspection_c.dir/rosidl_typesupport_introspection_c/example_ros2_interfaces/msg/detail/robot_pose__type_support.c.o[0m
[ 57%] [32mBuilding C object CMakeFiles/example_ros2_interfaces__rosidl_typesupport_introspection_c.dir/rosidl_typesupport_introspection_c/example_ros2_interfaces/msg/detail/robot_status__type_support.c.o[0m
[ 59%] [32mBuilding CXX object CMakeFiles/example_ros2_interfaces__rosidl_typesupport_c.dir/rosidl_typesupport_c/example_ros2_interfaces/msg/robot_status__type_support.cpp.o[0m
[ 61%] [32mBuilding C object CMakeFiles/example_ros2_interfaces__rosidl_typesupport_introspection_c.dir/rosidl_typesupport_introspection_c/example_ros2_interfaces/srv/detail/move_robot__type_support.c.o[0m
[ 63%] [32mBuilding CXX object CMakeFiles/example_ros2_interfaces__rosidl_typesupport_c.dir/rosidl_typesupport_c/example_ros2_interfaces/srv/move_robot__type_support.cpp.o[0m
[ 65%] [32m[1mLinking C shared library libexample_ros2_interfaces__rosidl_typesupport_introspection_c.so[0m
[ 68%] [32m[1mLinking CXX shared library libexample_ros2_interfaces__rosidl_typesupport_c.so[0m
[ 68%] Built target example_ros2_interfaces__rosidl_typesupport_introspection_c
[ 70%] [32mBuilding CXX object CMakeFiles/example_ros2_interfaces__rosidl_typesupport_fastrtps_c.dir/rosidl_typesupport_fastrtps_c/example_ros2_interfaces/msg/detail/robot_status__type_support_c.cpp.o[0m
[ 72%] [32m[1mLinking CXX shared library libexample_ros2_interfaces__rosidl_typesupport_introspection_cpp.so[0m
[ 74%] [32mBuilding CXX object CMakeFiles/example_ros2_interfaces__rosidl_typesupport_fastrtps_c.dir/rosidl_typesupport_fastrtps_c/example_ros2_interfaces/srv/detail/move_robot__type_support_c.cpp.o[0m
[ 74%] Built target example_ros2_interfaces__rosidl_typesupport_c
[ 74%] Built target example_ros2_interfaces__rosidl_typesupport_introspection_cpp
[ 76%] [32m[1mLinking CXX shared library libexample_ros2_interfaces__rosidl_typesupport_fastrtps_c.so[0m
[ 76%] Built target example_ros2_interfaces__rosidl_typesupport_fastrtps_c
[ 76%] Built target example_ros2_interfaces
[ 78%] [34m[1mGenerating Python code for ROS interfaces[0m
[ 78%] Built target example_ros2_interfaces__py
[ 82%] [32mBuilding C object CMakeFiles/example_ros2_interfaces__rosidl_generator_py.dir/rosidl_generator_py/example_ros2_interfaces/msg/_robot_pose_s.c.o[0m
[ 85%] [32mBuilding C object CMakeFiles/example_ros2_interfaces__rosidl_generator_py.dir/rosidl_generator_py/example_ros2_interfaces/srv/_move_robot_s.c.o[0m
[ 85%] [32mBuilding C object CMakeFiles/example_ros2_interfaces__rosidl_generator_py.dir/rosidl_generator_py/example_ros2_interfaces/msg/_robot_status_s.c.o[0m
[ 87%] [32m[1mLinking C shared library rosidl_generator_py/example_ros2_interfaces/libexample_ros2_interfaces__rosidl_generator_py.so[0m
[ 87%] Built target example_ros2_interfaces__rosidl_generator_py
[ 89%] [32mBuilding C object CMakeFiles/example_ros2_interfaces__rosidl_typesupport_introspection_c__pyext.dir/rosidl_generator_py/example_ros2_interfaces/_example_ros2_interfaces_s.ep.rosidl_typesupport_introspection_c.c.o[0m
[ 91%] [32mBuilding C object CMakeFiles/example_ros2_interfaces__rosidl_typesupport_fastrtps_c__pyext.dir/rosidl_generator_py/example_ros2_interfaces/_example_ros2_interfaces_s.ep.rosidl_typesupport_fastrtps_c.c.o[0m
[ 93%] [32mBuilding C object CMakeFiles/example_ros2_interfaces__rosidl_typesupport_c__pyext.dir/rosidl_generator_py/example_ros2_interfaces/_example_ros2_interfaces_s.ep.rosidl_typesupport_c.c.o[0m
[ 95%] [32m[1mLinking C shared library rosidl_generator_py/example_ros2_interfaces/example_ros2_interfaces_s__rosidl_typesupport_introspection_c.cpython-310-x86_64-linux-gnu.so[0m
[ 97%] [32m[1mLinking C shared library rosidl_generator_py/example_ros2_interfaces/example_ros2_interfaces_s__rosidl_typesupport_fastrtps_c.cpython-310-x86_64-linux-gnu.so[0m
[100%] [32m[1mLinking C shared library rosidl_generator_py/example_ros2_interfaces/example_ros2_interfaces_s__rosidl_typesupport_c.cpython-310-x86_64-linux-gnu.so[0m
[100%] Built target example_ros2_interfaces__rosidl_typesupport_fastrtps_c__pyext
[100%] Built target example_ros2_interfaces__rosidl_typesupport_introspection_c__pyext
[100%] Built target example_ros2_interfaces__rosidl_typesupport_c__pyext
-- Install configuration: ""
-- Installing: /home/arlo/d2lros2/chapt3/chapt3_ws/src/install/example_ros2_interfaces/share/ament_index/resource_index/rosidl_interfaces/example_ros2_interfaces
-- Installing: /home/arlo/d2lros2/chapt3/chapt3_ws/src/install/example_ros2_interfaces/include/example_ros2_interfaces/example_ros2_interfaces
-- Installing: /home/arlo/d2lros2/chapt3/chapt3_ws/src/install/example_ros2_interfaces/include/example_ros2_interfaces/example_ros2_interfaces/srv
-- Installing: /home/arlo/d2lros2/chapt3/chapt3_ws/src/install/example_ros2_interfaces/include/example_ros2_interfaces/example_ros2_interfaces/srv/move_robot.h
-- Installing: /home/arlo/d2lros2/chapt3/chapt3_ws/src/install/example_ros2_interfaces/include/example_ros2_interfaces/example_ros2_interfaces/srv/detail
-- Installing: /home/arlo/d2lros2/chapt3/chapt3_ws/src/install/example_ros2_interfaces/include/example_ros2_interfaces/example_ros2_interfaces/srv/detail/move_robot__functions.c
-- Installing: /home/arlo/d2lros2/chapt3/chapt3_ws/src/install/example_ros2_interfaces/include/example_ros2_interfaces/example_ros2_interfaces/srv/detail/move_robot__struct.h
-- Installing: /home/arlo/d2lros2/chapt3/chapt3_ws/src/install/example_ros2_interfaces/include/example_ros2_interfaces/example_ros2_interfaces/srv/detail/move_robot__type_support.h
-- Installing: /home/arlo/d2lros2/chapt3/chapt3_ws/src/install/example_ros2_interfaces/include/example_ros2_interfaces/example_ros2_interfaces/srv/detail/move_robot__functions.h
-- Installing: /home/arlo/d2lros2/chapt3/chapt3_ws/src/install/example_ros2_interfaces/include/example_ros2_interfaces/example_ros2_interfaces/msg
-- Installing: /home/arlo/d2lros2/chapt3/chapt3_ws/src/install/example_ros2_interfaces/include/example_ros2_interfaces/example_ros2_interfaces/msg/rosidl_generator_c__visibility_control.h
-- Installing: /home/arlo/d2lros2/chapt3/chapt3_ws/src/install/example_ros2_interfaces/include/example_ros2_interfaces/example_ros2_interfaces/msg/robot_pose.h
-- Installing: /home/arlo/d2lros2/chapt3/chapt3_ws/src/install/example_ros2_interfaces/include/example_ros2_interfaces/example_ros2_interfaces/msg/detail
-- Installing: /home/arlo/d2lros2/chapt3/chapt3_ws/src/install/example_ros2_interfaces/include/example_ros2_interfaces/example_ros2_interfaces/msg/detail/robot_pose__struct.h
-- Installing: /home/arlo/d2lros2/chapt3/chapt3_ws/src/install/example_ros2_interfaces/include/example_ros2_interfaces/example_ros2_interfaces/msg/detail/robot_pose__type_support.h
-- Installing: /home/arlo/d2lros2/chapt3/chapt3_ws/src/install/example_ros2_interfaces/include/example_ros2_interfaces/example_ros2_interfaces/msg/detail/robot_pose__functions.h
-- Installing: /home/arlo/d2lros2/chapt3/chapt3_ws/src/install/example_ros2_interfaces/include/example_ros2_interfaces/example_ros2_interfaces/msg/detail/robot_status__functions.h
-- Installing: /home/arlo/d2lros2/chapt3/chapt3_ws/src/install/example_ros2_interfaces/include/example_ros2_interfaces/example_ros2_interfaces/msg/detail/robot_status__struct.h
-- Installing: /home/arlo/d2lros2/chapt3/chapt3_ws/src/install/example_ros2_interfaces/include/example_ros2_interfaces/example_ros2_interfaces/msg/detail/robot_pose__functions.c
-- Installing: /home/arlo/d2lros2/chapt3/chapt3_ws/src/install/example_ros2_interfaces/include/example_ros2_interfaces/example_ros2_interfaces/msg/detail/robot_status__type_support.h
-- Installing: /home/arlo/d2lros2/chapt3/chapt3_ws/src/install/example_ros2_interfaces/include/example_ros2_interfaces/example_ros2_interfaces/msg/detail/robot_status__functions.c
-- Installing: /home/arlo/d2lros2/chapt3/chapt3_ws/src/install/example_ros2_interfaces/include/example_ros2_interfaces/example_ros2_interfaces/msg/robot_status.h
-- Installing: /home/arlo/d2lros2/chapt3/chapt3_ws/src/install/example_ros2_interfaces/share/example_ros2_interfaces/environment/library_path.sh
-- Installing: /home/arlo/d2lros2/chapt3/chapt3_ws/src/install/example_ros2_interfaces/share/example_ros2_interfaces/environment/library_path.dsv
-- Installing: /home/arlo/d2lros2/chapt3/chapt3_ws/src/install/example_ros2_interfaces/lib/libexample_ros2_interfaces__rosidl_generator_c.so
-- Set runtime path of "/home/arlo/d2lros2/chapt3/chapt3_ws/src/install/example_ros2_interfaces/lib/libexample_ros2_interfaces__rosidl_generator_c.so" to ""
-- Up-to-date: /home/arlo/d2lros2/chapt3/chapt3_ws/src/install/example_ros2_interfaces/include/example_ros2_interfaces/example_ros2_interfaces
-- Up-to-date: /home/arlo/d2lros2/chapt3/chapt3_ws/src/install/example_ros2_interfaces/include/example_ros2_interfaces/example_ros2_interfaces/srv
-- Up-to-date: /home/arlo/d2lros2/chapt3/chapt3_ws/src/install/example_ros2_interfaces/include/example_ros2_interfaces/example_ros2_interfaces/srv/detail
-- Installing: /home/arlo/d2lros2/chapt3/chapt3_ws/src/install/example_ros2_interfaces/include/example_ros2_interfaces/example_ros2_interfaces/srv/detail/move_robot__rosidl_typesupport_fastrtps_c.h
-- Up-to-date: /home/arlo/d2lros2/chapt3/chapt3_ws/src/install/example_ros2_interfaces/include/example_ros2_interfaces/example_ros2_interfaces/msg
-- Up-to-date: /home/arlo/d2lros2/chapt3/chapt3_ws/src/install/example_ros2_interfaces/include/example_ros2_interfaces/example_ros2_interfaces/msg/detail
-- Installing: /home/arlo/d2lros2/chapt3/chapt3_ws/src/install/example_ros2_interfaces/include/example_ros2_interfaces/example_ros2_interfaces/msg/detail/robot_pose__rosidl_typesupport_fastrtps_c.h
-- Installing: /home/arlo/d2lros2/chapt3/chapt3_ws/src/install/example_ros2_interfaces/include/example_ros2_interfaces/example_ros2_interfaces/msg/detail/robot_status__rosidl_typesupport_fastrtps_c.h
-- Installing: /home/arlo/d2lros2/chapt3/chapt3_ws/src/install/example_ros2_interfaces/include/example_ros2_interfaces/example_ros2_interfaces/msg/rosidl_typesupport_fastrtps_c__visibility_control.h
-- Installing: /home/arlo/d2lros2/chapt3/chapt3_ws/src/install/example_ros2_interfaces/lib/libexample_ros2_interfaces__rosidl_typesupport_fastrtps_c.so
-- Set runtime path of "/home/arlo/d2lros2/chapt3/chapt3_ws/src/install/example_ros2_interfaces/lib/libexample_ros2_interfaces__rosidl_typesupport_fastrtps_c.so" to ""
-- Up-to-date: /home/arlo/d2lros2/chapt3/chapt3_ws/src/install/example_ros2_interfaces/include/example_ros2_interfaces/example_ros2_interfaces
-- Up-to-date: /home/arlo/d2lros2/chapt3/chapt3_ws/src/install/example_ros2_interfaces/include/example_ros2_interfaces/example_ros2_interfaces/srv
-- Up-to-date: /home/arlo/d2lros2/chapt3/chapt3_ws/src/install/example_ros2_interfaces/include/example_ros2_interfaces/example_ros2_interfaces/srv/detail
-- Installing: /home/arlo/d2lros2/chapt3/chapt3_ws/src/install/example_ros2_interfaces/include/example_ros2_interfaces/example_ros2_interfaces/srv/detail/move_robot__type_support.c
-- Installing: /home/arlo/d2lros2/chapt3/chapt3_ws/src/install/example_ros2_interfaces/include/example_ros2_interfaces/example_ros2_interfaces/srv/detail/move_robot__rosidl_typesupport_introspection_c.h
-- Up-to-date: /home/arlo/d2lros2/chapt3/chapt3_ws/src/install/example_ros2_interfaces/include/example_ros2_interfaces/example_ros2_interfaces/msg
-- Installing: /home/arlo/d2lros2/chapt3/chapt3_ws/src/install/example_ros2_interfaces/include/example_ros2_interfaces/example_ros2_interfaces/msg/rosidl_typesupport_introspection_c__visibility_control.h
-- Up-to-date: /home/arlo/d2lros2/chapt3/chapt3_ws/src/install/example_ros2_interfaces/include/example_ros2_interfaces/example_ros2_interfaces/msg/detail
-- Installing: /home/arlo/d2lros2/chapt3/chapt3_ws/src/install/example_ros2_interfaces/include/example_ros2_interfaces/example_ros2_interfaces/msg/detail/robot_pose__type_support.c
-- Installing: /home/arlo/d2lros2/chapt3/chapt3_ws/src/install/example_ros2_interfaces/include/example_ros2_interfaces/example_ros2_interfaces/msg/detail/robot_pose__rosidl_typesupport_introspection_c.h
-- Installing: /home/arlo/d2lros2/chapt3/chapt3_ws/src/install/example_ros2_interfaces/include/example_ros2_interfaces/example_ros2_interfaces/msg/detail/robot_status__rosidl_typesupport_introspection_c.h
-- Installing: /home/arlo/d2lros2/chapt3/chapt3_ws/src/install/example_ros2_interfaces/include/example_ros2_interfaces/example_ros2_interfaces/msg/detail/robot_status__type_support.c
-- Installing: /home/arlo/d2lros2/chapt3/chapt3_ws/src/install/example_ros2_interfaces/lib/libexample_ros2_interfaces__rosidl_typesupport_introspection_c.so
-- Set runtime path of "/home/arlo/d2lros2/chapt3/chapt3_ws/src/install/example_ros2_interfaces/lib/libexample_ros2_interfaces__rosidl_typesupport_introspection_c.so" to ""
-- Installing: /home/arlo/d2lros2/chapt3/chapt3_ws/src/install/example_ros2_interfaces/lib/libexample_ros2_interfaces__rosidl_typesupport_c.so
-- Set runtime path of "/home/arlo/d2lros2/chapt3/chapt3_ws/src/install/example_ros2_interfaces/lib/libexample_ros2_interfaces__rosidl_typesupport_c.so" to ""
-- Up-to-date: /home/arlo/d2lros2/chapt3/chapt3_ws/src/install/example_ros2_interfaces/include/example_ros2_interfaces/example_ros2_interfaces
-- Up-to-date: /home/arlo/d2lros2/chapt3/chapt3_ws/src/install/example_ros2_interfaces/include/example_ros2_interfaces/example_ros2_interfaces/srv
-- Installing: /home/arlo/d2lros2/chapt3/chapt3_ws/src/install/example_ros2_interfaces/include/example_ros2_interfaces/example_ros2_interfaces/srv/move_robot.hpp
-- Up-to-date: /home/arlo/d2lros2/chapt3/chapt3_ws/src/install/example_ros2_interfaces/include/example_ros2_interfaces/example_ros2_interfaces/srv/detail
-- Installing: /home/arlo/d2lros2/chapt3/chapt3_ws/src/install/example_ros2_interfaces/include/example_ros2_interfaces/example_ros2_interfaces/srv/detail/move_robot__struct.hpp
-- Installing: /home/arlo/d2lros2/chapt3/chapt3_ws/src/install/example_ros2_interfaces/include/example_ros2_interfaces/example_ros2_interfaces/srv/detail/move_robot__traits.hpp
-- Installing: /home/arlo/d2lros2/chapt3/chapt3_ws/src/install/example_ros2_interfaces/include/example_ros2_interfaces/example_ros2_interfaces/srv/detail/move_robot__builder.hpp
-- Up-to-date: /home/arlo/d2lros2/chapt3/chapt3_ws/src/install/example_ros2_interfaces/include/example_ros2_interfaces/example_ros2_interfaces/msg
-- Installing: /home/arlo/d2lros2/chapt3/chapt3_ws/src/install/example_ros2_interfaces/include/example_ros2_interfaces/example_ros2_interfaces/msg/robot_pose.hpp
-- Installing: /home/arlo/d2lros2/chapt3/chapt3_ws/src/install/example_ros2_interfaces/include/example_ros2_interfaces/example_ros2_interfaces/msg/robot_status.hpp
-- Up-to-date: /home/arlo/d2lros2/chapt3/chapt3_ws/src/install/example_ros2_interfaces/include/example_ros2_interfaces/example_ros2_interfaces/msg/detail
-- Installing: /home/arlo/d2lros2/chapt3/chapt3_ws/src/install/example_ros2_interfaces/include/example_ros2_interfaces/example_ros2_interfaces/msg/detail/robot_pose__struct.hpp
-- Installing: /home/arlo/d2lros2/chapt3/chapt3_ws/src/install/example_ros2_interfaces/include/example_ros2_interfaces/example_ros2_interfaces/msg/detail/robot_status__traits.hpp
-- Installing: /home/arlo/d2lros2/chapt3/chapt3_ws/src/install/example_ros2_interfaces/include/example_ros2_interfaces/example_ros2_interfaces/msg/detail/robot_status__builder.hpp
-- Installing: /home/arlo/d2lros2/chapt3/chapt3_ws/src/install/example_ros2_interfaces/include/example_ros2_interfaces/example_ros2_interfaces/msg/detail/robot_pose__traits.hpp
-- Installing: /home/arlo/d2lros2/chapt3/chapt3_ws/src/install/example_ros2_interfaces/include/example_ros2_interfaces/example_ros2_interfaces/msg/detail/robot_pose__builder.hpp
-- Installing: /home/arlo/d2lros2/chapt3/chapt3_ws/src/install/example_ros2_interfaces/include/example_ros2_interfaces/example_ros2_interfaces/msg/detail/robot_status__struct.hpp
-- Up-to-date: /home/arlo/d2lros2/chapt3/chapt3_ws/src/install/example_ros2_interfaces/include/example_ros2_interfaces/example_ros2_interfaces
-- Up-to-date: /home/arlo/d2lros2/chapt3/chapt3_ws/src/install/example_ros2_interfaces/include/example_ros2_interfaces/example_ros2_interfaces/srv
-- Up-to-date: /home/arlo/d2lros2/chapt3/chapt3_ws/src/install/example_ros2_interfaces/include/example_ros2_interfaces/example_ros2_interfaces/srv/detail
-- Installing: /home/arlo/d2lros2/chapt3/chapt3_ws/src/install/example_ros2_interfaces/include/example_ros2_interfaces/example_ros2_interfaces/srv/detail/move_robot__rosidl_typesupport_fastrtps_cpp.hpp
-- Installing: /home/arlo/d2lros2/chapt3/chapt3_ws/src/install/example_ros2_interfaces/include/example_ros2_interfaces/example_ros2_interfaces/srv/detail/dds_fastrtps
-- Up-to-date: /home/arlo/d2lros2/chapt3/chapt3_ws/src/install/example_ros2_interfaces/include/example_ros2_interfaces/example_ros2_interfaces/msg
-- Up-to-date: /home/arlo/d2lros2/chapt3/chapt3_ws/src/install/example_ros2_interfaces/include/example_ros2_interfaces/example_ros2_interfaces/msg/detail
-- Installing: /home/arlo/d2lros2/chapt3/chapt3_ws/src/install/example_ros2_interfaces/include/example_ros2_interfaces/example_ros2_interfaces/msg/detail/robot_pose__rosidl_typesupport_fastrtps_cpp.hpp
-- Installing: /home/arlo/d2lros2/chapt3/chapt3_ws/src/install/example_ros2_interfaces/include/example_ros2_interfaces/example_ros2_interfaces/msg/detail/robot_status__rosidl_typesupport_fastrtps_cpp.hpp
-- Installing: /home/arlo/d2lros2/chapt3/chapt3_ws/src/install/example_ros2_interfaces/include/example_ros2_interfaces/example_ros2_interfaces/msg/detail/dds_fastrtps
-- Installing: /home/arlo/d2lros2/chapt3/chapt3_ws/src/install/example_ros2_interfaces/include/example_ros2_interfaces/example_ros2_interfaces/msg/rosidl_typesupport_fastrtps_cpp__visibility_control.h
-- Installing: /home/arlo/d2lros2/chapt3/chapt3_ws/src/install/example_ros2_interfaces/lib/libexample_ros2_interfaces__rosidl_typesupport_fastrtps_cpp.so
-- Set runtime path of "/home/arlo/d2lros2/chapt3/chapt3_ws/src/install/example_ros2_interfaces/lib/libexample_ros2_interfaces__rosidl_typesupport_fastrtps_cpp.so" to ""
-- Up-to-date: /home/arlo/d2lros2/chapt3/chapt3_ws/src/install/example_ros2_interfaces/include/example_ros2_interfaces/example_ros2_interfaces
-- Up-to-date: /home/arlo/d2lros2/chapt3/chapt3_ws/src/install/example_ros2_interfaces/include/example_ros2_interfaces/example_ros2_interfaces/srv
-- Up-to-date: /home/arlo/d2lros2/chapt3/chapt3_ws/src/install/example_ros2_interfaces/include/example_ros2_interfaces/example_ros2_interfaces/srv/detail
-- Installing: /home/arlo/d2lros2/chapt3/chapt3_ws/src/install/example_ros2_interfaces/include/example_ros2_interfaces/example_ros2_interfaces/srv/detail/move_robot__type_support.cpp
-- Installing: /home/arlo/d2lros2/chapt3/chapt3_ws/src/install/example_ros2_interfaces/include/example_ros2_interfaces/example_ros2_interfaces/srv/detail/move_robot__rosidl_typesupport_introspection_cpp.hpp
-- Up-to-date: /home/arlo/d2lros2/chapt3/chapt3_ws/src/install/example_ros2_interfaces/include/example_ros2_interfaces/example_ros2_interfaces/msg
-- Up-to-date: /home/arlo/d2lros2/chapt3/chapt3_ws/src/install/example_ros2_interfaces/include/example_ros2_interfaces/example_ros2_interfaces/msg/detail
-- Installing: /home/arlo/d2lros2/chapt3/chapt3_ws/src/install/example_ros2_interfaces/include/example_ros2_interfaces/example_ros2_interfaces/msg/detail/robot_status__type_support.cpp
-- Installing: /home/arlo/d2lros2/chapt3/chapt3_ws/src/install/example_ros2_interfaces/include/example_ros2_interfaces/example_ros2_interfaces/msg/detail/robot_pose__rosidl_typesupport_introspection_cpp.hpp
-- Installing: /home/arlo/d2lros2/chapt3/chapt3_ws/src/install/example_ros2_interfaces/include/example_ros2_interfaces/example_ros2_interfaces/msg/detail/robot_pose__type_support.cpp
-- Installing: /home/arlo/d2lros2/chapt3/chapt3_ws/src/install/example_ros2_interfaces/include/example_ros2_interfaces/example_ros2_interfaces/msg/detail/robot_status__rosidl_typesupport_introspection_cpp.hpp
-- Installing: /home/arlo/d2lros2/chapt3/chapt3_ws/src/install/example_ros2_interfaces/lib/libexample_ros2_interfaces__rosidl_typesupport_introspection_cpp.so
-- Set runtime path of "/home/arlo/d2lros2/chapt3/chapt3_ws/src/install/example_ros2_interfaces/lib/libexample_ros2_interfaces__rosidl_typesupport_introspection_cpp.so" to ""
-- Installing: /home/arlo/d2lros2/chapt3/chapt3_ws/src/install/example_ros2_interfaces/lib/libexample_ros2_interfaces__rosidl_typesupport_cpp.so
-- Set runtime path of "/home/arlo/d2lros2/chapt3/chapt3_ws/src/install/example_ros2_interfaces/lib/libexample_ros2_interfaces__rosidl_typesupport_cpp.so" to ""
-- Installing: /home/arlo/d2lros2/chapt3/chapt3_ws/src/install/example_ros2_interfaces/share/example_ros2_interfaces/environment/pythonpath.sh
-- Installing: /home/arlo/d2lros2/chapt3/chapt3_ws/src/install/example_ros2_interfaces/share/example_ros2_interfaces/environment/pythonpath.dsv
-- Installing: /home/arlo/d2lros2/chapt3/chapt3_ws/src/install/example_ros2_interfaces/local/lib/python3.10/dist-packages/example_ros2_interfaces-0.0.0-py3.10.egg-info
-- Installing: /home/arlo/d2lros2/chapt3/chapt3_ws/src/install/example_ros2_interfaces/local/lib/python3.10/dist-packages/example_ros2_interfaces-0.0.0-py3.10.egg-info/top_level.txt
-- Installing: /home/arlo/d2lros2/chapt3/chapt3_ws/src/install/example_ros2_interfaces/local/lib/python3.10/dist-packages/example_ros2_interfaces-0.0.0-py3.10.egg-info/SOURCES.txt
-- Installing: /home/arlo/d2lros2/chapt3/chapt3_ws/src/install/example_ros2_interfaces/local/lib/python3.10/dist-packages/example_ros2_interfaces-0.0.0-py3.10.egg-info/PKG-INFO
-- Installing: /home/arlo/d2lros2/chapt3/chapt3_ws/src/install/example_ros2_interfaces/local/lib/python3.10/dist-packages/example_ros2_interfaces-0.0.0-py3.10.egg-info/dependency_links.txt
-- Installing: /home/arlo/d2lros2/chapt3/chapt3_ws/src/install/example_ros2_interfaces/local/lib/python3.10/dist-packages/example_ros2_interfaces
-- Installing: /home/arlo/d2lros2/chapt3/chapt3_ws/src/install/example_ros2_interfaces/local/lib/python3.10/dist-packages/example_ros2_interfaces/__init__.py
-- Installing: /home/arlo/d2lros2/chapt3/chapt3_ws/src/install/example_ros2_interfaces/local/lib/python3.10/dist-packages/example_ros2_interfaces/libexample_ros2_interfaces__rosidl_generator_py.so
-- Installing: /home/arlo/d2lros2/chapt3/chapt3_ws/src/install/example_ros2_interfaces/local/lib/python3.10/dist-packages/example_ros2_interfaces/_example_ros2_interfaces_s.ep.rosidl_typesupport_introspection_c.c
-- Installing: /home/arlo/d2lros2/chapt3/chapt3_ws/src/install/example_ros2_interfaces/local/lib/python3.10/dist-packages/example_ros2_interfaces/srv
-- Installing: /home/arlo/d2lros2/chapt3/chapt3_ws/src/install/example_ros2_interfaces/local/lib/python3.10/dist-packages/example_ros2_interfaces/srv/__init__.py
-- Installing: /home/arlo/d2lros2/chapt3/chapt3_ws/src/install/example_ros2_interfaces/local/lib/python3.10/dist-packages/example_ros2_interfaces/srv/_move_robot_s.c
-- Installing: /home/arlo/d2lros2/chapt3/chapt3_ws/src/install/example_ros2_interfaces/local/lib/python3.10/dist-packages/example_ros2_interfaces/srv/_move_robot.py
-- Installing: /home/arlo/d2lros2/chapt3/chapt3_ws/src/install/example_ros2_interfaces/local/lib/python3.10/dist-packages/example_ros2_interfaces/msg
-- Installing: /home/arlo/d2lros2/chapt3/chapt3_ws/src/install/example_ros2_interfaces/local/lib/python3.10/dist-packages/example_ros2_interfaces/msg/__init__.py
-- Installing: /home/arlo/d2lros2/chapt3/chapt3_ws/src/install/example_ros2_interfaces/local/lib/python3.10/dist-packages/example_ros2_interfaces/msg/_robot_status_s.c
-- Installing: /home/arlo/d2lros2/chapt3/chapt3_ws/src/install/example_ros2_interfaces/local/lib/python3.10/dist-packages/example_ros2_interfaces/msg/_robot_pose_s.c
-- Installing: /home/arlo/d2lros2/chapt3/chapt3_ws/src/install/example_ros2_interfaces/local/lib/python3.10/dist-packages/example_ros2_interfaces/msg/_robot_pose.py
-- Installing: /home/arlo/d2lros2/chapt3/chapt3_ws/src/install/example_ros2_interfaces/local/lib/python3.10/dist-packages/example_ros2_interfaces/msg/_robot_status.py
-- Installing: /home/arlo/d2lros2/chapt3/chapt3_ws/src/install/example_ros2_interfaces/local/lib/python3.10/dist-packages/example_ros2_interfaces/_example_ros2_interfaces_s.ep.rosidl_typesupport_c.c
-- Installing: /home/arlo/d2lros2/chapt3/chapt3_ws/src/install/example_ros2_interfaces/local/lib/python3.10/dist-packages/example_ros2_interfaces/_example_ros2_interfaces_s.ep.rosidl_typesupport_fastrtps_c.c
-- Installing: /home/arlo/d2lros2/chapt3/chapt3_ws/src/install/example_ros2_interfaces/local/lib/python3.10/dist-packages/example_ros2_interfaces/example_ros2_interfaces_s__rosidl_typesupport_c.cpython-310-x86_64-linux-gnu.so
-- Installing: /home/arlo/d2lros2/chapt3/chapt3_ws/src/install/example_ros2_interfaces/local/lib/python3.10/dist-packages/example_ros2_interfaces/example_ros2_interfaces_s__rosidl_typesupport_fastrtps_c.cpython-310-x86_64-linux-gnu.so
-- Installing: /home/arlo/d2lros2/chapt3/chapt3_ws/src/install/example_ros2_interfaces/local/lib/python3.10/dist-packages/example_ros2_interfaces/example_ros2_interfaces_s__rosidl_typesupport_introspection_c.cpython-310-x86_64-linux-gnu.so
Listing '/home/arlo/d2lros2/chapt3/chapt3_ws/src/install/example_ros2_interfaces/local/lib/python3.10/dist-packages/example_ros2_interfaces'...
Compiling '/home/arlo/d2lros2/chapt3/chapt3_ws/src/install/example_ros2_interfaces/local/lib/python3.10/dist-packages/example_ros2_interfaces/__init__.py'...
Listing '/home/arlo/d2lros2/chapt3/chapt3_ws/src/install/example_ros2_interfaces/local/lib/python3.10/dist-packages/example_ros2_interfaces/msg'...
Compiling '/home/arlo/d2lros2/chapt3/chapt3_ws/src/install/example_ros2_interfaces/local/lib/python3.10/dist-packages/example_ros2_interfaces/msg/__init__.py'...
Compiling '/home/arlo/d2lros2/chapt3/chapt3_ws/src/install/example_ros2_interfaces/local/lib/python3.10/dist-packages/example_ros2_interfaces/msg/_robot_pose.py'...
Compiling '/home/arlo/d2lros2/chapt3/chapt3_ws/src/install/example_ros2_interfaces/local/lib/python3.10/dist-packages/example_ros2_interfaces/msg/_robot_status.py'...
Listing '/home/arlo/d2lros2/chapt3/chapt3_ws/src/install/example_ros2_interfaces/local/lib/python3.10/dist-packages/example_ros2_interfaces/srv'...
Compiling '/home/arlo/d2lros2/chapt3/chapt3_ws/src/install/example_ros2_interfaces/local/lib/python3.10/dist-packages/example_ros2_interfaces/srv/__init__.py'...
Compiling '/home/arlo/d2lros2/chapt3/chapt3_ws/src/install/example_ros2_interfaces/local/lib/python3.10/dist-packages/example_ros2_interfaces/srv/_move_robot.py'...
-- Installing: /home/arlo/d2lros2/chapt3/chapt3_ws/src/install/example_ros2_interfaces/local/lib/python3.10/dist-packages/example_ros2_interfaces/example_ros2_interfaces_s__rosidl_typesupport_fastrtps_c.cpython-310-x86_64-linux-gnu.so
-- Set runtime path of "/home/arlo/d2lros2/chapt3/chapt3_ws/src/install/example_ros2_interfaces/local/lib/python3.10/dist-packages/example_ros2_interfaces/example_ros2_interfaces_s__rosidl_typesupport_fastrtps_c.cpython-310-x86_64-linux-gnu.so" to ""
-- Installing: /home/arlo/d2lros2/chapt3/chapt3_ws/src/install/example_ros2_interfaces/local/lib/python3.10/dist-packages/example_ros2_interfaces/example_ros2_interfaces_s__rosidl_typesupport_introspection_c.cpython-310-x86_64-linux-gnu.so
-- Set runtime path of "/home/arlo/d2lros2/chapt3/chapt3_ws/src/install/example_ros2_interfaces/local/lib/python3.10/dist-packages/example_ros2_interfaces/example_ros2_interfaces_s__rosidl_typesupport_introspection_c.cpython-310-x86_64-linux-gnu.so" to ""
-- Installing: /home/arlo/d2lros2/chapt3/chapt3_ws/src/install/example_ros2_interfaces/local/lib/python3.10/dist-packages/example_ros2_interfaces/example_ros2_interfaces_s__rosidl_typesupport_c.cpython-310-x86_64-linux-gnu.so
-- Set runtime path of "/home/arlo/d2lros2/chapt3/chapt3_ws/src/install/example_ros2_interfaces/local/lib/python3.10/dist-packages/example_ros2_interfaces/example_ros2_interfaces_s__rosidl_typesupport_c.cpython-310-x86_64-linux-gnu.so" to ""
-- Installing: /home/arlo/d2lros2/chapt3/chapt3_ws/src/install/example_ros2_interfaces/lib/libexample_ros2_interfaces__rosidl_generator_py.so
-- Set runtime path of "/home/arlo/d2lros2/chapt3/chapt3_ws/src/install/example_ros2_interfaces/lib/libexample_ros2_interfaces__rosidl_generator_py.so" to ""
-- Installing: /home/arlo/d2lros2/chapt3/chapt3_ws/src/install/example_ros2_interfaces/share/example_ros2_interfaces/msg/RobotPose.idl
-- Installing: /home/arlo/d2lros2/chapt3/chapt3_ws/src/install/example_ros2_interfaces/share/example_ros2_interfaces/msg/RobotStatus.idl
-- Installing: /home/arlo/d2lros2/chapt3/chapt3_ws/src/install/example_ros2_interfaces/share/example_ros2_interfaces/srv/MoveRobot.idl
-- Installing: /home/arlo/d2lros2/chapt3/chapt3_ws/src/install/example_ros2_interfaces/share/example_ros2_interfaces/msg/RobotPose.msg
-- Installing: /home/arlo/d2lros2/chapt3/chapt3_ws/src/install/example_ros2_interfaces/share/example_ros2_interfaces/msg/RobotStatus.msg
-- Installing: /home/arlo/d2lros2/chapt3/chapt3_ws/src/install/example_ros2_interfaces/share/example_ros2_interfaces/srv/MoveRobot.srv
-- Installing: /home/arlo/d2lros2/chapt3/chapt3_ws/src/install/example_ros2_interfaces/share/example_ros2_interfaces/srv/MoveRobot_Request.msg
-- Installing: /home/arlo/d2lros2/chapt3/chapt3_ws/src/install/example_ros2_interfaces/share/example_ros2_interfaces/srv/MoveRobot_Response.msg
-- Installing: /home/arlo/d2lros2/chapt3/chapt3_ws/src/install/example_ros2_interfaces/share/ament_index/resource_index/package_run_dependencies/example_ros2_interfaces
-- Installing: /home/arlo/d2lros2/chapt3/chapt3_ws/src/install/example_ros2_interfaces/share/ament_index/resource_index/parent_prefix_path/example_ros2_interfaces
-- Installing: /home/arlo/d2lros2/chapt3/chapt3_ws/src/install/example_ros2_interfaces/share/example_ros2_interfaces/environment/ament_prefix_path.sh
-- Installing: /home/arlo/d2lros2/chapt3/chapt3_ws/src/install/example_ros2_interfaces/share/example_ros2_interfaces/environment/ament_prefix_path.dsv
-- Installing: /home/arlo/d2lros2/chapt3/chapt3_ws/src/install/example_ros2_interfaces/share/example_ros2_interfaces/environment/path.sh
-- Installing: /home/arlo/d2lros2/chapt3/chapt3_ws/src/install/example_ros2_interfaces/share/example_ros2_interfaces/environment/path.dsv
-- Installing: /home/arlo/d2lros2/chapt3/chapt3_ws/src/install/example_ros2_interfaces/share/example_ros2_interfaces/local_setup.bash
-- Installing: /home/arlo/d2lros2/chapt3/chapt3_ws/src/install/example_ros2_interfaces/share/example_ros2_interfaces/local_setup.sh
-- Installing: /home/arlo/d2lros2/chapt3/chapt3_ws/src/install/example_ros2_interfaces/share/example_ros2_interfaces/local_setup.zsh
-- Installing: /home/arlo/d2lros2/chapt3/chapt3_ws/src/install/example_ros2_interfaces/share/example_ros2_interfaces/local_setup.dsv
-- Installing: /home/arlo/d2lros2/chapt3/chapt3_ws/src/install/example_ros2_interfaces/share/example_ros2_interfaces/package.dsv
-- Installing: /home/arlo/d2lros2/chapt3/chapt3_ws/src/install/example_ros2_interfaces/share/ament_index/resource_index/packages/example_ros2_interfaces
-- Installing: /home/arlo/d2lros2/chapt3/chapt3_ws/src/install/example_ros2_interfaces/share/example_ros2_interfaces/cmake/export_example_ros2_interfaces__rosidl_generator_cExport.cmake
-- Installing: /home/arlo/d2lros2/chapt3/chapt3_ws/src/install/example_ros2_interfaces/share/example_ros2_interfaces/cmake/export_example_ros2_interfaces__rosidl_generator_cExport-noconfig.cmake
-- Installing: /home/arlo/d2lros2/chapt3/chapt3_ws/src/install/example_ros2_interfaces/share/example_ros2_interfaces/cmake/export_example_ros2_interfaces__rosidl_typesupport_fastrtps_cExport.cmake
-- Installing: /home/arlo/d2lros2/chapt3/chapt3_ws/src/install/example_ros2_interfaces/share/example_ros2_interfaces/cmake/export_example_ros2_interfaces__rosidl_typesupport_fastrtps_cExport-noconfig.cmake
-- Installing: /home/arlo/d2lros2/chapt3/chapt3_ws/src/install/example_ros2_interfaces/share/example_ros2_interfaces/cmake/example_ros2_interfaces__rosidl_typesupport_introspection_cExport.cmake
-- Installing: /home/arlo/d2lros2/chapt3/chapt3_ws/src/install/example_ros2_interfaces/share/example_ros2_interfaces/cmake/example_ros2_interfaces__rosidl_typesupport_introspection_cExport-noconfig.cmake
-- Installing: /home/arlo/d2lros2/chapt3/chapt3_ws/src/install/example_ros2_interfaces/share/example_ros2_interfaces/cmake/example_ros2_interfaces__rosidl_typesupport_cExport.cmake
-- Installing: /home/arlo/d2lros2/chapt3/chapt3_ws/src/install/example_ros2_interfaces/share/example_ros2_interfaces/cmake/example_ros2_interfaces__rosidl_typesupport_cExport-noconfig.cmake
-- Installing: /home/arlo/d2lros2/chapt3/chapt3_ws/src/install/example_ros2_interfaces/share/example_ros2_interfaces/cmake/export_example_ros2_interfaces__rosidl_generator_cppExport.cmake
-- Installing: /home/arlo/d2lros2/chapt3/chapt3_ws/src/install/example_ros2_interfaces/share/example_ros2_interfaces/cmake/export_example_ros2_interfaces__rosidl_typesupport_fastrtps_cppExport.cmake
-- Installing: /home/arlo/d2lros2/chapt3/chapt3_ws/src/install/example_ros2_interfaces/share/example_ros2_interfaces/cmake/export_example_ros2_interfaces__rosidl_typesupport_fastrtps_cppExport-noconfig.cmake
-- Installing: /home/arlo/d2lros2/chapt3/chapt3_ws/src/install/example_ros2_interfaces/share/example_ros2_interfaces/cmake/example_ros2_interfaces__rosidl_typesupport_introspection_cppExport.cmake
-- Installing: /home/arlo/d2lros2/chapt3/chapt3_ws/src/install/example_ros2_interfaces/share/example_ros2_interfaces/cmake/example_ros2_interfaces__rosidl_typesupport_introspection_cppExport-noconfig.cmake
-- Installing: /home/arlo/d2lros2/chapt3/chapt3_ws/src/install/example_ros2_interfaces/share/example_ros2_interfaces/cmake/example_ros2_interfaces__rosidl_typesupport_cppExport.cmake
-- Installing: /home/arlo/d2lros2/chapt3/chapt3_ws/src/install/example_ros2_interfaces/share/example_ros2_interfaces/cmake/example_ros2_interfaces__rosidl_typesupport_cppExport-noconfig.cmake
-- Installing: /home/arlo/d2lros2/chapt3/chapt3_ws/src/install/example_ros2_interfaces/share/example_ros2_interfaces/cmake/export_example_ros2_interfaces__rosidl_generator_pyExport.cmake
-- Installing: /home/arlo/d2lros2/chapt3/chapt3_ws/src/install/example_ros2_interfaces/share/example_ros2_interfaces/cmake/export_example_ros2_interfaces__rosidl_generator_pyExport-noconfig.cmake
-- Installing: /home/arlo/d2lros2/chapt3/chapt3_ws/src/install/example_ros2_interfaces/share/example_ros2_interfaces/cmake/rosidl_cmake-extras.cmake
-- Installing: /home/arlo/d2lros2/chapt3/chapt3_ws/src/install/example_ros2_interfaces/share/example_ros2_interfaces/cmake/ament_cmake_export_dependencies-extras.cmake
-- Installing: /home/arlo/d2lros2/chapt3/chapt3_ws/src/install/example_ros2_interfaces/share/example_ros2_interfaces/cmake/ament_cmake_export_include_directories-extras.cmake
-- Installing: /home/arlo/d2lros2/chapt3/chapt3_ws/src/install/example_ros2_interfaces/share/example_ros2_interfaces/cmake/ament_cmake_export_libraries-extras.cmake
-- Installing: /home/arlo/d2lros2/chapt3/chapt3_ws/src/install/example_ros2_interfaces/share/example_ros2_interfaces/cmake/ament_cmake_export_targets-extras.cmake
-- Installing: /home/arlo/d2lros2/chapt3/chapt3_ws/src/install/example_ros2_interfaces/share/example_ros2_interfaces/cmake/rosidl_cmake_export_typesupport_targets-extras.cmake
-- Installing: /home/arlo/d2lros2/chapt3/chapt3_ws/src/install/example_ros2_interfaces/share/example_ros2_interfaces/cmake/rosidl_cmake_export_typesupport_libraries-extras.cmake
-- Installing: /home/arlo/d2lros2/chapt3/chapt3_ws/src/install/example_ros2_interfaces/share/example_ros2_interfaces/cmake/example_ros2_interfacesConfig.cmake
-- Installing: /home/arlo/d2lros2/chapt3/chapt3_ws/src/install/example_ros2_interfaces/share/example_ros2_interfaces/cmake/example_ros2_interfacesConfig-version.cmake
-- Installing: /home/arlo/d2lros2/chapt3/chapt3_ws/src/install/example_ros2_interfaces/share/example_ros2_interfaces/package.xml
