[0.087s] Invoking command in '/home/arlo/d2lros2/chapt3/chapt3_ws/src/build/example_ros2_interfaces': CMAKE_PREFIX_PATH=${CMAKE_PREFIX_PATH}:/opt/ros/humble /usr/bin/cmake /home/arlo/d2lros2/chapt3/chapt3_ws/src/example_ros2_interfaces -DCMAKE_INSTALL_PREFIX=/home/arlo/d2lros2/chapt3/chapt3_ws/src/install/example_ros2_interfaces
[0.423s] -- The C compiler identification is GNU 11.4.0
[0.638s] -- The CXX compiler identification is GNU 11.4.0
[0.655s] -- Detecting C compiler ABI info
[0.863s] -- Detecting C compiler ABI info - done
[0.869s] -- Check for working C compiler: /usr/bin/cc - skipped
[0.870s] -- Detecting C compile features
[0.871s] -- Detecting C compile features - done
[0.876s] -- Detecting CXX compiler ABI info
[1.040s] -- Detecting CXX compiler ABI info - done
[1.046s] -- Check for working CXX compiler: /usr/bin/c++ - skipped
[1.046s] -- Detecting CXX compile features
[1.046s] -- Detecting CXX compile features - done
[1.065s] -- Found ament_cmake: 1.3.8 (/opt/ros/humble/share/ament_cmake/cmake)
[1.272s] -- Found Python3: /usr/bin/python3 (found version "3.10.12") found components: Interpreter 
[1.401s] -- Found rosidl_default_generators: 1.2.0 (/opt/ros/humble/share/rosidl_default_generators/cmake)
[1.409s] -- Using all available rosidl_typesupport_c: rosidl_typesupport_fastrtps_c;rosidl_typesupport_introspection_c
[1.423s] -- Found rosidl_adapter: 3.1.5 (/opt/ros/humble/share/rosidl_adapter/cmake)
[1.497s] -- Using all available rosidl_typesupport_cpp: rosidl_typesupport_fastrtps_cpp;rosidl_typesupport_introspection_cpp
[1.562s] -- Found geometry_msgs: 4.2.3 (/opt/ros/humble/share/geometry_msgs/cmake)
[2.073s] -- Found ament_cmake_ros: 0.10.0 (/opt/ros/humble/share/ament_cmake_ros/cmake)
[2.433s] -- Using all available rosidl_typesupport_c: rosidl_typesupport_fastrtps_c;rosidl_typesupport_introspection_c
[2.950s] -- Using all available rosidl_typesupport_cpp: rosidl_typesupport_fastrtps_cpp;rosidl_typesupport_introspection_cpp
[2.988s] -- Found PythonInterp: /usr/bin/python3 (found suitable version "3.10.12", minimum required is "3.6") 
[2.991s] -- Found python_cmake_module: 0.10.0 (/opt/ros/humble/share/python_cmake_module/cmake)
[3.032s] -- Found PythonLibs: /usr/lib/x86_64-linux-gnu/libpython3.10.so (found suitable version "3.10.12", minimum required is "3.5") 
[3.034s] -- Using PYTHON_EXECUTABLE: /usr/bin/python3
[3.034s] -- Using PYTHON_INCLUDE_DIRS: /usr/include/python3.10
[3.034s] -- Using PYTHON_LIBRARIES: /usr/lib/x86_64-linux-gnu/libpython3.10.so
[3.058s] -- Found PythonExtra: .so  
[3.153s] -- Found ament_lint_auto: 0.12.10 (/opt/ros/humble/share/ament_lint_auto/cmake)
[3.200s] -- Added test 'lint_cmake' to check CMake code style
[3.204s] -- Added test 'xmllint' to check XML markup files
[3.211s] -- Configuring done
[3.323s] -- Generating done
[3.332s] -- Build files have been written to: /home/arlo/d2lros2/chapt3/chapt3_ws/src/build/example_ros2_interfaces
[3.342s] Invoked command in '/home/arlo/d2lros2/chapt3/chapt3_ws/src/build/example_ros2_interfaces' returned '0': CMAKE_PREFIX_PATH=${CMAKE_PREFIX_PATH}:/opt/ros/humble /usr/bin/cmake /home/arlo/d2lros2/chapt3/chapt3_ws/src/example_ros2_interfaces -DCMAKE_INSTALL_PREFIX=/home/arlo/d2lros2/chapt3/chapt3_ws/src/install/example_ros2_interfaces
[3.345s] Invoking command in '/home/arlo/d2lros2/chapt3/chapt3_ws/src/build/example_ros2_interfaces': CMAKE_PREFIX_PATH=${CMAKE_PREFIX_PATH}:/opt/ros/humble /usr/bin/cmake --build /home/arlo/d2lros2/chapt3/chapt3_ws/src/build/example_ros2_interfaces -- -j4 -l4
[3.431s] [  2%] [34m[1mGenerating C code for ROS interfaces[0m
[3.458s] [  4%] [34m[1mGenerating C++ code for ROS interfaces[0m
[3.474s] [  4%] Built target ament_cmake_python_copy_example_ros2_interfaces
[3.971s] running egg_info
[3.973s] creating example_ros2_interfaces.egg-info
[3.973s] writing example_ros2_interfaces.egg-info/PKG-INFO
[3.974s] writing dependency_links to example_ros2_interfaces.egg-info/dependency_links.txt
[3.975s] writing top-level names to example_ros2_interfaces.egg-info/top_level.txt
[3.976s] writing manifest file 'example_ros2_interfaces.egg-info/SOURCES.txt'
[3.982s] reading manifest file 'example_ros2_interfaces.egg-info/SOURCES.txt'
[3.982s] writing manifest file 'example_ros2_interfaces.egg-info/SOURCES.txt'
[3.987s] [  4%] Built target example_ros2_interfaces__cpp
[3.995s] [  6%] [32mBuilding C object CMakeFiles/example_ros2_interfaces__rosidl_generator_c.dir/rosidl_generator_c/example_ros2_interfaces/msg/detail/robot_status__functions.c.o[0m
[4.002s] [  8%] [32mBuilding C object CMakeFiles/example_ros2_interfaces__rosidl_generator_c.dir/rosidl_generator_c/example_ros2_interfaces/msg/detail/robot_pose__functions.c.o[0m
[4.009s] [ 10%] [34m[1mGenerating C++ type support dispatch for ROS interfaces[0m
[4.016s] [ 10%] Built target ament_cmake_python_build_example_ros2_interfaces_egg
[4.079s] [ 12%] [34m[1mGenerating C++ type support for eProsima Fast-RTPS[0m
[4.168s] [ 14%] [34m[1mGenerating C++ introspection for ROS interfaces[0m
[4.185s] [ 17%] [32mBuilding C object CMakeFiles/example_ros2_interfaces__rosidl_generator_c.dir/rosidl_generator_c/example_ros2_interfaces/srv/detail/move_robot__functions.c.o[0m
[4.370s] [ 19%] [32mBuilding CXX object CMakeFiles/example_ros2_interfaces__rosidl_typesupport_cpp.dir/rosidl_typesupport_cpp/example_ros2_interfaces/msg/robot_pose__type_support.cpp.o[0m
[4.427s] [ 21%] [32m[1mLinking C shared library libexample_ros2_interfaces__rosidl_generator_c.so[0m
[4.590s] [ 21%] Built target example_ros2_interfaces__rosidl_generator_c
[4.621s] [ 23%] [32mBuilding CXX object CMakeFiles/example_ros2_interfaces__rosidl_typesupport_cpp.dir/rosidl_typesupport_cpp/example_ros2_interfaces/msg/robot_status__type_support.cpp.o[0m
[4.672s] [ 25%] [32mBuilding CXX object CMakeFiles/example_ros2_interfaces__rosidl_typesupport_fastrtps_cpp.dir/rosidl_typesupport_fastrtps_cpp/example_ros2_interfaces/msg/detail/dds_fastrtps/robot_pose__type_support.cpp.o[0m
[4.795s] [ 27%] [32mBuilding CXX object CMakeFiles/example_ros2_interfaces__rosidl_typesupport_introspection_cpp.dir/rosidl_typesupport_introspection_cpp/example_ros2_interfaces/msg/detail/robot_pose__type_support.cpp.o[0m
[5.269s] [ 29%] [32mBuilding CXX object CMakeFiles/example_ros2_interfaces__rosidl_typesupport_cpp.dir/rosidl_typesupport_cpp/example_ros2_interfaces/srv/move_robot__type_support.cpp.o[0m
[5.377s] [ 31%] [32mBuilding CXX object CMakeFiles/example_ros2_interfaces__rosidl_typesupport_fastrtps_cpp.dir/rosidl_typesupport_fastrtps_cpp/example_ros2_interfaces/msg/detail/dds_fastrtps/robot_status__type_support.cpp.o[0m
[5.470s] [ 34%] [32mBuilding CXX object CMakeFiles/example_ros2_interfaces__rosidl_typesupport_fastrtps_cpp.dir/rosidl_typesupport_fastrtps_cpp/example_ros2_interfaces/srv/detail/dds_fastrtps/move_robot__type_support.cpp.o[0m
[5.726s] [ 36%] [32mBuilding CXX object CMakeFiles/example_ros2_interfaces__rosidl_typesupport_introspection_cpp.dir/rosidl_typesupport_introspection_cpp/example_ros2_interfaces/msg/detail/robot_status__type_support.cpp.o[0m
[5.896s] [ 38%] [32m[1mLinking CXX shared library libexample_ros2_interfaces__rosidl_typesupport_cpp.so[0m
[6.052s] [ 38%] Built target example_ros2_interfaces__rosidl_typesupport_cpp
[6.126s] [ 40%] [34m[1mGenerating C type support for eProsima Fast-RTPS[0m
[6.278s] [ 42%] [34m[1mGenerating C introspection for ROS interfaces[0m
[6.327s] [ 44%] [32m[1mLinking CXX shared library libexample_ros2_interfaces__rosidl_typesupport_fastrtps_cpp.so[0m
[6.500s] [ 44%] Built target example_ros2_interfaces__rosidl_typesupport_fastrtps_cpp
[6.529s] [ 46%] [34m[1mGenerating C type support dispatch for ROS interfaces[0m
[6.789s] [ 48%] [32mBuilding CXX object CMakeFiles/example_ros2_interfaces__rosidl_typesupport_introspection_cpp.dir/rosidl_typesupport_introspection_cpp/example_ros2_interfaces/srv/detail/move_robot__type_support.cpp.o[0m
[6.827s] [ 51%] [32mBuilding CXX object CMakeFiles/example_ros2_interfaces__rosidl_typesupport_fastrtps_c.dir/rosidl_typesupport_fastrtps_c/example_ros2_interfaces/msg/detail/robot_pose__type_support_c.cpp.o[0m
[6.917s] [ 53%] [32mBuilding CXX object CMakeFiles/example_ros2_interfaces__rosidl_typesupport_c.dir/rosidl_typesupport_c/example_ros2_interfaces/msg/robot_pose__type_support.cpp.o[0m
[6.938s] [ 55%] [32mBuilding C object CMakeFiles/example_ros2_interfaces__rosidl_typesupport_introspection_c.dir/rosidl_typesupport_introspection_c/example_ros2_interfaces/msg/detail/robot_pose__type_support.c.o[0m
[7.040s] [ 57%] [32mBuilding C object CMakeFiles/example_ros2_interfaces__rosidl_typesupport_introspection_c.dir/rosidl_typesupport_introspection_c/example_ros2_interfaces/msg/detail/robot_status__type_support.c.o[0m
[7.096s] [ 59%] [32mBuilding CXX object CMakeFiles/example_ros2_interfaces__rosidl_typesupport_c.dir/rosidl_typesupport_c/example_ros2_interfaces/msg/robot_status__type_support.cpp.o[0m
[7.137s] [ 61%] [32mBuilding C object CMakeFiles/example_ros2_interfaces__rosidl_typesupport_introspection_c.dir/rosidl_typesupport_introspection_c/example_ros2_interfaces/srv/detail/move_robot__type_support.c.o[0m
[7.221s] [ 63%] [32mBuilding CXX object CMakeFiles/example_ros2_interfaces__rosidl_typesupport_c.dir/rosidl_typesupport_c/example_ros2_interfaces/srv/move_robot__type_support.cpp.o[0m
[7.246s] [ 65%] [32m[1mLinking C shared library libexample_ros2_interfaces__rosidl_typesupport_introspection_c.so[0m
[7.406s] [ 68%] [32m[1mLinking CXX shared library libexample_ros2_interfaces__rosidl_typesupport_c.so[0m
[7.442s] [ 68%] Built target example_ros2_interfaces__rosidl_typesupport_introspection_c
[7.472s] [ 70%] [32mBuilding CXX object CMakeFiles/example_ros2_interfaces__rosidl_typesupport_fastrtps_c.dir/rosidl_typesupport_fastrtps_c/example_ros2_interfaces/msg/detail/robot_status__type_support_c.cpp.o[0m
[7.484s] [ 72%] [32m[1mLinking CXX shared library libexample_ros2_interfaces__rosidl_typesupport_introspection_cpp.so[0m
[7.562s] [ 74%] [32mBuilding CXX object CMakeFiles/example_ros2_interfaces__rosidl_typesupport_fastrtps_c.dir/rosidl_typesupport_fastrtps_c/example_ros2_interfaces/srv/detail/move_robot__type_support_c.cpp.o[0m
[7.587s] [ 74%] Built target example_ros2_interfaces__rosidl_typesupport_c
[7.673s] [ 74%] Built target example_ros2_interfaces__rosidl_typesupport_introspection_cpp
[8.107s] [ 76%] [32m[1mLinking CXX shared library libexample_ros2_interfaces__rosidl_typesupport_fastrtps_c.so[0m
[8.256s] [ 76%] Built target example_ros2_interfaces__rosidl_typesupport_fastrtps_c
[8.301s] [ 76%] Built target example_ros2_interfaces
[8.356s] [ 78%] [34m[1mGenerating Python code for ROS interfaces[0m
[8.830s] [ 78%] Built target example_ros2_interfaces__py
[8.885s] [ 82%] [32mBuilding C object CMakeFiles/example_ros2_interfaces__rosidl_generator_py.dir/rosidl_generator_py/example_ros2_interfaces/msg/_robot_pose_s.c.o[0m
[8.886s] [ 85%] [32mBuilding C object CMakeFiles/example_ros2_interfaces__rosidl_generator_py.dir/rosidl_generator_py/example_ros2_interfaces/srv/_move_robot_s.c.o[0m
[8.886s] [ 85%] [32mBuilding C object CMakeFiles/example_ros2_interfaces__rosidl_generator_py.dir/rosidl_generator_py/example_ros2_interfaces/msg/_robot_status_s.c.o[0m
[9.178s] [ 87%] [32m[1mLinking C shared library rosidl_generator_py/example_ros2_interfaces/libexample_ros2_interfaces__rosidl_generator_py.so[0m
[9.284s] [ 87%] Built target example_ros2_interfaces__rosidl_generator_py
[9.334s] [ 89%] [32mBuilding C object CMakeFiles/example_ros2_interfaces__rosidl_typesupport_introspection_c__pyext.dir/rosidl_generator_py/example_ros2_interfaces/_example_ros2_interfaces_s.ep.rosidl_typesupport_introspection_c.c.o[0m
[9.346s] [ 91%] [32mBuilding C object CMakeFiles/example_ros2_interfaces__rosidl_typesupport_fastrtps_c__pyext.dir/rosidl_generator_py/example_ros2_interfaces/_example_ros2_interfaces_s.ep.rosidl_typesupport_fastrtps_c.c.o[0m
[9.350s] [ 93%] [32mBuilding C object CMakeFiles/example_ros2_interfaces__rosidl_typesupport_c__pyext.dir/rosidl_generator_py/example_ros2_interfaces/_example_ros2_interfaces_s.ep.rosidl_typesupport_c.c.o[0m
[9.598s] [ 95%] [32m[1mLinking C shared library rosidl_generator_py/example_ros2_interfaces/example_ros2_interfaces_s__rosidl_typesupport_introspection_c.cpython-310-x86_64-linux-gnu.so[0m
[9.604s] [ 97%] [32m[1mLinking C shared library rosidl_generator_py/example_ros2_interfaces/example_ros2_interfaces_s__rosidl_typesupport_fastrtps_c.cpython-310-x86_64-linux-gnu.so[0m
[9.639s] [100%] [32m[1mLinking C shared library rosidl_generator_py/example_ros2_interfaces/example_ros2_interfaces_s__rosidl_typesupport_c.cpython-310-x86_64-linux-gnu.so[0m
[9.712s] [100%] Built target example_ros2_interfaces__rosidl_typesupport_fastrtps_c__pyext
[9.715s] [100%] Built target example_ros2_interfaces__rosidl_typesupport_introspection_c__pyext
[9.763s] [100%] Built target example_ros2_interfaces__rosidl_typesupport_c__pyext
[9.789s] Invoked command in '/home/arlo/d2lros2/chapt3/chapt3_ws/src/build/example_ros2_interfaces' returned '0': CMAKE_PREFIX_PATH=${CMAKE_PREFIX_PATH}:/opt/ros/humble /usr/bin/cmake --build /home/arlo/d2lros2/chapt3/chapt3_ws/src/build/example_ros2_interfaces -- -j4 -l4
[10.221s] Invoking command in '/home/arlo/d2lros2/chapt3/chapt3_ws/src/build/example_ros2_interfaces': CMAKE_PREFIX_PATH=${CMAKE_PREFIX_PATH}:/opt/ros/humble /usr/bin/cmake --install /home/arlo/d2lros2/chapt3/chapt3_ws/src/build/example_ros2_interfaces
[10.238s] -- Install configuration: ""
[10.238s] -- Installing: /home/arlo/d2lros2/chapt3/chapt3_ws/src/install/example_ros2_interfaces/share/ament_index/resource_index/rosidl_interfaces/example_ros2_interfaces
[10.239s] -- Installing: /home/arlo/d2lros2/chapt3/chapt3_ws/src/install/example_ros2_interfaces/include/example_ros2_interfaces/example_ros2_interfaces
[10.240s] -- Installing: /home/arlo/d2lros2/chapt3/chapt3_ws/src/install/example_ros2_interfaces/include/example_ros2_interfaces/example_ros2_interfaces/srv
[10.240s] -- Installing: /home/arlo/d2lros2/chapt3/chapt3_ws/src/install/example_ros2_interfaces/include/example_ros2_interfaces/example_ros2_interfaces/srv/move_robot.h
[10.241s] -- Installing: /home/arlo/d2lros2/chapt3/chapt3_ws/src/install/example_ros2_interfaces/include/example_ros2_interfaces/example_ros2_interfaces/srv/detail
[10.241s] -- Installing: /home/arlo/d2lros2/chapt3/chapt3_ws/src/install/example_ros2_interfaces/include/example_ros2_interfaces/example_ros2_interfaces/srv/detail/move_robot__functions.c
[10.242s] -- Installing: /home/arlo/d2lros2/chapt3/chapt3_ws/src/install/example_ros2_interfaces/include/example_ros2_interfaces/example_ros2_interfaces/srv/detail/move_robot__struct.h
[10.242s] -- Installing: /home/arlo/d2lros2/chapt3/chapt3_ws/src/install/example_ros2_interfaces/include/example_ros2_interfaces/example_ros2_interfaces/srv/detail/move_robot__type_support.h
[10.243s] -- Installing: /home/arlo/d2lros2/chapt3/chapt3_ws/src/install/example_ros2_interfaces/include/example_ros2_interfaces/example_ros2_interfaces/srv/detail/move_robot__functions.h
[10.243s] -- Installing: /home/arlo/d2lros2/chapt3/chapt3_ws/src/install/example_ros2_interfaces/include/example_ros2_interfaces/example_ros2_interfaces/msg
[10.244s] -- Installing: /home/arlo/d2lros2/chapt3/chapt3_ws/src/install/example_ros2_interfaces/include/example_ros2_interfaces/example_ros2_interfaces/msg/rosidl_generator_c__visibility_control.h
[10.244s] -- Installing: /home/arlo/d2lros2/chapt3/chapt3_ws/src/install/example_ros2_interfaces/include/example_ros2_interfaces/example_ros2_interfaces/msg/robot_pose.h
[10.245s] -- Installing: /home/arlo/d2lros2/chapt3/chapt3_ws/src/install/example_ros2_interfaces/include/example_ros2_interfaces/example_ros2_interfaces/msg/detail
[10.245s] -- Installing: /home/arlo/d2lros2/chapt3/chapt3_ws/src/install/example_ros2_interfaces/include/example_ros2_interfaces/example_ros2_interfaces/msg/detail/robot_pose__struct.h
[10.246s] -- Installing: /home/arlo/d2lros2/chapt3/chapt3_ws/src/install/example_ros2_interfaces/include/example_ros2_interfaces/example_ros2_interfaces/msg/detail/robot_pose__type_support.h
[10.246s] -- Installing: /home/arlo/d2lros2/chapt3/chapt3_ws/src/install/example_ros2_interfaces/include/example_ros2_interfaces/example_ros2_interfaces/msg/detail/robot_pose__functions.h
[10.247s] -- Installing: /home/arlo/d2lros2/chapt3/chapt3_ws/src/install/example_ros2_interfaces/include/example_ros2_interfaces/example_ros2_interfaces/msg/detail/robot_status__functions.h
[10.247s] -- Installing: /home/arlo/d2lros2/chapt3/chapt3_ws/src/install/example_ros2_interfaces/include/example_ros2_interfaces/example_ros2_interfaces/msg/detail/robot_status__struct.h
[10.248s] -- Installing: /home/arlo/d2lros2/chapt3/chapt3_ws/src/install/example_ros2_interfaces/include/example_ros2_interfaces/example_ros2_interfaces/msg/detail/robot_pose__functions.c
[10.248s] -- Installing: /home/arlo/d2lros2/chapt3/chapt3_ws/src/install/example_ros2_interfaces/include/example_ros2_interfaces/example_ros2_interfaces/msg/detail/robot_status__type_support.h
[10.248s] -- Installing: /home/arlo/d2lros2/chapt3/chapt3_ws/src/install/example_ros2_interfaces/include/example_ros2_interfaces/example_ros2_interfaces/msg/detail/robot_status__functions.c
[10.249s] -- Installing: /home/arlo/d2lros2/chapt3/chapt3_ws/src/install/example_ros2_interfaces/include/example_ros2_interfaces/example_ros2_interfaces/msg/robot_status.h
[10.249s] -- Installing: /home/arlo/d2lros2/chapt3/chapt3_ws/src/install/example_ros2_interfaces/share/example_ros2_interfaces/environment/library_path.sh
[10.250s] -- Installing: /home/arlo/d2lros2/chapt3/chapt3_ws/src/install/example_ros2_interfaces/share/example_ros2_interfaces/environment/library_path.dsv
[10.250s] -- Installing: /home/arlo/d2lros2/chapt3/chapt3_ws/src/install/example_ros2_interfaces/lib/libexample_ros2_interfaces__rosidl_generator_c.so
[10.253s] -- Set runtime path of "/home/arlo/d2lros2/chapt3/chapt3_ws/src/install/example_ros2_interfaces/lib/libexample_ros2_interfaces__rosidl_generator_c.so" to ""
[10.253s] -- Up-to-date: /home/arlo/d2lros2/chapt3/chapt3_ws/src/install/example_ros2_interfaces/include/example_ros2_interfaces/example_ros2_interfaces
[10.254s] -- Up-to-date: /home/arlo/d2lros2/chapt3/chapt3_ws/src/install/example_ros2_interfaces/include/example_ros2_interfaces/example_ros2_interfaces/srv
[10.254s] -- Up-to-date: /home/arlo/d2lros2/chapt3/chapt3_ws/src/install/example_ros2_interfaces/include/example_ros2_interfaces/example_ros2_interfaces/srv/detail
[10.254s] -- Installing: /home/arlo/d2lros2/chapt3/chapt3_ws/src/install/example_ros2_interfaces/include/example_ros2_interfaces/example_ros2_interfaces/srv/detail/move_robot__rosidl_typesupport_fastrtps_c.h
[10.255s] -- Up-to-date: /home/arlo/d2lros2/chapt3/chapt3_ws/src/install/example_ros2_interfaces/include/example_ros2_interfaces/example_ros2_interfaces/msg
[10.255s] -- Up-to-date: /home/arlo/d2lros2/chapt3/chapt3_ws/src/install/example_ros2_interfaces/include/example_ros2_interfaces/example_ros2_interfaces/msg/detail
[10.255s] -- Installing: /home/arlo/d2lros2/chapt3/chapt3_ws/src/install/example_ros2_interfaces/include/example_ros2_interfaces/example_ros2_interfaces/msg/detail/robot_pose__rosidl_typesupport_fastrtps_c.h
[10.255s] -- Installing: /home/arlo/d2lros2/chapt3/chapt3_ws/src/install/example_ros2_interfaces/include/example_ros2_interfaces/example_ros2_interfaces/msg/detail/robot_status__rosidl_typesupport_fastrtps_c.h
[10.256s] -- Installing: /home/arlo/d2lros2/chapt3/chapt3_ws/src/install/example_ros2_interfaces/include/example_ros2_interfaces/example_ros2_interfaces/msg/rosidl_typesupport_fastrtps_c__visibility_control.h
[10.256s] -- Installing: /home/arlo/d2lros2/chapt3/chapt3_ws/src/install/example_ros2_interfaces/lib/libexample_ros2_interfaces__rosidl_typesupport_fastrtps_c.so
[10.259s] -- Set runtime path of "/home/arlo/d2lros2/chapt3/chapt3_ws/src/install/example_ros2_interfaces/lib/libexample_ros2_interfaces__rosidl_typesupport_fastrtps_c.so" to ""
[10.260s] -- Up-to-date: /home/arlo/d2lros2/chapt3/chapt3_ws/src/install/example_ros2_interfaces/include/example_ros2_interfaces/example_ros2_interfaces
[10.261s] -- Up-to-date: /home/arlo/d2lros2/chapt3/chapt3_ws/src/install/example_ros2_interfaces/include/example_ros2_interfaces/example_ros2_interfaces/srv
[10.261s] -- Up-to-date: /home/arlo/d2lros2/chapt3/chapt3_ws/src/install/example_ros2_interfaces/include/example_ros2_interfaces/example_ros2_interfaces/srv/detail
[10.261s] -- Installing: /home/arlo/d2lros2/chapt3/chapt3_ws/src/install/example_ros2_interfaces/include/example_ros2_interfaces/example_ros2_interfaces/srv/detail/move_robot__type_support.c
[10.261s] -- Installing: /home/arlo/d2lros2/chapt3/chapt3_ws/src/install/example_ros2_interfaces/include/example_ros2_interfaces/example_ros2_interfaces/srv/detail/move_robot__rosidl_typesupport_introspection_c.h
[10.261s] -- Up-to-date: /home/arlo/d2lros2/chapt3/chapt3_ws/src/install/example_ros2_interfaces/include/example_ros2_interfaces/example_ros2_interfaces/msg
[10.261s] -- Installing: /home/arlo/d2lros2/chapt3/chapt3_ws/src/install/example_ros2_interfaces/include/example_ros2_interfaces/example_ros2_interfaces/msg/rosidl_typesupport_introspection_c__visibility_control.h
[10.262s] -- Up-to-date: /home/arlo/d2lros2/chapt3/chapt3_ws/src/install/example_ros2_interfaces/include/example_ros2_interfaces/example_ros2_interfaces/msg/detail
[10.262s] -- Installing: /home/arlo/d2lros2/chapt3/chapt3_ws/src/install/example_ros2_interfaces/include/example_ros2_interfaces/example_ros2_interfaces/msg/detail/robot_pose__type_support.c
[10.262s] -- Installing: /home/arlo/d2lros2/chapt3/chapt3_ws/src/install/example_ros2_interfaces/include/example_ros2_interfaces/example_ros2_interfaces/msg/detail/robot_pose__rosidl_typesupport_introspection_c.h
[10.262s] -- Installing: /home/arlo/d2lros2/chapt3/chapt3_ws/src/install/example_ros2_interfaces/include/example_ros2_interfaces/example_ros2_interfaces/msg/detail/robot_status__rosidl_typesupport_introspection_c.h
[10.262s] -- Installing: /home/arlo/d2lros2/chapt3/chapt3_ws/src/install/example_ros2_interfaces/include/example_ros2_interfaces/example_ros2_interfaces/msg/detail/robot_status__type_support.c
[10.263s] -- Installing: /home/arlo/d2lros2/chapt3/chapt3_ws/src/install/example_ros2_interfaces/lib/libexample_ros2_interfaces__rosidl_typesupport_introspection_c.so
[10.265s] -- Set runtime path of "/home/arlo/d2lros2/chapt3/chapt3_ws/src/install/example_ros2_interfaces/lib/libexample_ros2_interfaces__rosidl_typesupport_introspection_c.so" to ""
[10.266s] -- Installing: /home/arlo/d2lros2/chapt3/chapt3_ws/src/install/example_ros2_interfaces/lib/libexample_ros2_interfaces__rosidl_typesupport_c.so
[10.267s] -- Set runtime path of "/home/arlo/d2lros2/chapt3/chapt3_ws/src/install/example_ros2_interfaces/lib/libexample_ros2_interfaces__rosidl_typesupport_c.so" to ""
[10.268s] -- Up-to-date: /home/arlo/d2lros2/chapt3/chapt3_ws/src/install/example_ros2_interfaces/include/example_ros2_interfaces/example_ros2_interfaces
[10.268s] -- Up-to-date: /home/arlo/d2lros2/chapt3/chapt3_ws/src/install/example_ros2_interfaces/include/example_ros2_interfaces/example_ros2_interfaces/srv
[10.268s] -- Installing: /home/arlo/d2lros2/chapt3/chapt3_ws/src/install/example_ros2_interfaces/include/example_ros2_interfaces/example_ros2_interfaces/srv/move_robot.hpp
[10.269s] -- Up-to-date: /home/arlo/d2lros2/chapt3/chapt3_ws/src/install/example_ros2_interfaces/include/example_ros2_interfaces/example_ros2_interfaces/srv/detail
[10.269s] -- Installing: /home/arlo/d2lros2/chapt3/chapt3_ws/src/install/example_ros2_interfaces/include/example_ros2_interfaces/example_ros2_interfaces/srv/detail/move_robot__struct.hpp
[10.269s] -- Installing: /home/arlo/d2lros2/chapt3/chapt3_ws/src/install/example_ros2_interfaces/include/example_ros2_interfaces/example_ros2_interfaces/srv/detail/move_robot__traits.hpp
[10.271s] -- Installing: /home/arlo/d2lros2/chapt3/chapt3_ws/src/install/example_ros2_interfaces/include/example_ros2_interfaces/example_ros2_interfaces/srv/detail/move_robot__builder.hpp
[10.271s] -- Up-to-date: /home/arlo/d2lros2/chapt3/chapt3_ws/src/install/example_ros2_interfaces/include/example_ros2_interfaces/example_ros2_interfaces/msg
[10.271s] -- Installing: /home/arlo/d2lros2/chapt3/chapt3_ws/src/install/example_ros2_interfaces/include/example_ros2_interfaces/example_ros2_interfaces/msg/robot_pose.hpp
[10.272s] -- Installing: /home/arlo/d2lros2/chapt3/chapt3_ws/src/install/example_ros2_interfaces/include/example_ros2_interfaces/example_ros2_interfaces/msg/robot_status.hpp
[10.272s] -- Up-to-date: /home/arlo/d2lros2/chapt3/chapt3_ws/src/install/example_ros2_interfaces/include/example_ros2_interfaces/example_ros2_interfaces/msg/detail
[10.273s] -- Installing: /home/arlo/d2lros2/chapt3/chapt3_ws/src/install/example_ros2_interfaces/include/example_ros2_interfaces/example_ros2_interfaces/msg/detail/robot_pose__struct.hpp
[10.273s] -- Installing: /home/arlo/d2lros2/chapt3/chapt3_ws/src/install/example_ros2_interfaces/include/example_ros2_interfaces/example_ros2_interfaces/msg/detail/robot_status__traits.hpp
[10.274s] -- Installing: /home/arlo/d2lros2/chapt3/chapt3_ws/src/install/example_ros2_interfaces/include/example_ros2_interfaces/example_ros2_interfaces/msg/detail/robot_status__builder.hpp
[10.274s] -- Installing: /home/arlo/d2lros2/chapt3/chapt3_ws/src/install/example_ros2_interfaces/include/example_ros2_interfaces/example_ros2_interfaces/msg/detail/robot_pose__traits.hpp
[10.275s] -- Installing: /home/arlo/d2lros2/chapt3/chapt3_ws/src/install/example_ros2_interfaces/include/example_ros2_interfaces/example_ros2_interfaces/msg/detail/robot_pose__builder.hpp
[10.275s] -- Installing: /home/arlo/d2lros2/chapt3/chapt3_ws/src/install/example_ros2_interfaces/include/example_ros2_interfaces/example_ros2_interfaces/msg/detail/robot_status__struct.hpp
[10.276s] -- Up-to-date: /home/arlo/d2lros2/chapt3/chapt3_ws/src/install/example_ros2_interfaces/include/example_ros2_interfaces/example_ros2_interfaces
[10.277s] -- Up-to-date: /home/arlo/d2lros2/chapt3/chapt3_ws/src/install/example_ros2_interfaces/include/example_ros2_interfaces/example_ros2_interfaces/srv
[10.277s] -- Up-to-date: /home/arlo/d2lros2/chapt3/chapt3_ws/src/install/example_ros2_interfaces/include/example_ros2_interfaces/example_ros2_interfaces/srv/detail
[10.277s] -- Installing: /home/arlo/d2lros2/chapt3/chapt3_ws/src/install/example_ros2_interfaces/include/example_ros2_interfaces/example_ros2_interfaces/srv/detail/move_robot__rosidl_typesupport_fastrtps_cpp.hpp
[10.277s] -- Installing: /home/arlo/d2lros2/chapt3/chapt3_ws/src/install/example_ros2_interfaces/include/example_ros2_interfaces/example_ros2_interfaces/srv/detail/dds_fastrtps
[10.278s] -- Up-to-date: /home/arlo/d2lros2/chapt3/chapt3_ws/src/install/example_ros2_interfaces/include/example_ros2_interfaces/example_ros2_interfaces/msg
[10.278s] -- Up-to-date: /home/arlo/d2lros2/chapt3/chapt3_ws/src/install/example_ros2_interfaces/include/example_ros2_interfaces/example_ros2_interfaces/msg/detail
[10.279s] -- Installing: /home/arlo/d2lros2/chapt3/chapt3_ws/src/install/example_ros2_interfaces/include/example_ros2_interfaces/example_ros2_interfaces/msg/detail/robot_pose__rosidl_typesupport_fastrtps_cpp.hpp
[10.280s] -- Installing: /home/arlo/d2lros2/chapt3/chapt3_ws/src/install/example_ros2_interfaces/include/example_ros2_interfaces/example_ros2_interfaces/msg/detail/robot_status__rosidl_typesupport_fastrtps_cpp.hpp
[10.280s] -- Installing: /home/arlo/d2lros2/chapt3/chapt3_ws/src/install/example_ros2_interfaces/include/example_ros2_interfaces/example_ros2_interfaces/msg/detail/dds_fastrtps
[10.281s] -- Installing: /home/arlo/d2lros2/chapt3/chapt3_ws/src/install/example_ros2_interfaces/include/example_ros2_interfaces/example_ros2_interfaces/msg/rosidl_typesupport_fastrtps_cpp__visibility_control.h
[10.282s] -- Installing: /home/arlo/d2lros2/chapt3/chapt3_ws/src/install/example_ros2_interfaces/lib/libexample_ros2_interfaces__rosidl_typesupport_fastrtps_cpp.so
[10.285s] -- Set runtime path of "/home/arlo/d2lros2/chapt3/chapt3_ws/src/install/example_ros2_interfaces/lib/libexample_ros2_interfaces__rosidl_typesupport_fastrtps_cpp.so" to ""
[10.285s] -- Up-to-date: /home/arlo/d2lros2/chapt3/chapt3_ws/src/install/example_ros2_interfaces/include/example_ros2_interfaces/example_ros2_interfaces
[10.285s] -- Up-to-date: /home/arlo/d2lros2/chapt3/chapt3_ws/src/install/example_ros2_interfaces/include/example_ros2_interfaces/example_ros2_interfaces/srv
[10.285s] -- Up-to-date: /home/arlo/d2lros2/chapt3/chapt3_ws/src/install/example_ros2_interfaces/include/example_ros2_interfaces/example_ros2_interfaces/srv/detail
[10.286s] -- Installing: /home/arlo/d2lros2/chapt3/chapt3_ws/src/install/example_ros2_interfaces/include/example_ros2_interfaces/example_ros2_interfaces/srv/detail/move_robot__type_support.cpp
[10.286s] -- Installing: /home/arlo/d2lros2/chapt3/chapt3_ws/src/install/example_ros2_interfaces/include/example_ros2_interfaces/example_ros2_interfaces/srv/detail/move_robot__rosidl_typesupport_introspection_cpp.hpp
[10.287s] -- Up-to-date: /home/arlo/d2lros2/chapt3/chapt3_ws/src/install/example_ros2_interfaces/include/example_ros2_interfaces/example_ros2_interfaces/msg
[10.287s] -- Up-to-date: /home/arlo/d2lros2/chapt3/chapt3_ws/src/install/example_ros2_interfaces/include/example_ros2_interfaces/example_ros2_interfaces/msg/detail
[10.287s] -- Installing: /home/arlo/d2lros2/chapt3/chapt3_ws/src/install/example_ros2_interfaces/include/example_ros2_interfaces/example_ros2_interfaces/msg/detail/robot_status__type_support.cpp
[10.288s] -- Installing: /home/arlo/d2lros2/chapt3/chapt3_ws/src/install/example_ros2_interfaces/include/example_ros2_interfaces/example_ros2_interfaces/msg/detail/robot_pose__rosidl_typesupport_introspection_cpp.hpp
[10.288s] -- Installing: /home/arlo/d2lros2/chapt3/chapt3_ws/src/install/example_ros2_interfaces/include/example_ros2_interfaces/example_ros2_interfaces/msg/detail/robot_pose__type_support.cpp
[10.288s] -- Installing: /home/arlo/d2lros2/chapt3/chapt3_ws/src/install/example_ros2_interfaces/include/example_ros2_interfaces/example_ros2_interfaces/msg/detail/robot_status__rosidl_typesupport_introspection_cpp.hpp
[10.290s] -- Installing: /home/arlo/d2lros2/chapt3/chapt3_ws/src/install/example_ros2_interfaces/lib/libexample_ros2_interfaces__rosidl_typesupport_introspection_cpp.so
[10.292s] -- Set runtime path of "/home/arlo/d2lros2/chapt3/chapt3_ws/src/install/example_ros2_interfaces/lib/libexample_ros2_interfaces__rosidl_typesupport_introspection_cpp.so" to ""
[10.292s] -- Installing: /home/arlo/d2lros2/chapt3/chapt3_ws/src/install/example_ros2_interfaces/lib/libexample_ros2_interfaces__rosidl_typesupport_cpp.so
[10.294s] -- Set runtime path of "/home/arlo/d2lros2/chapt3/chapt3_ws/src/install/example_ros2_interfaces/lib/libexample_ros2_interfaces__rosidl_typesupport_cpp.so" to ""
[10.294s] -- Installing: /home/arlo/d2lros2/chapt3/chapt3_ws/src/install/example_ros2_interfaces/share/example_ros2_interfaces/environment/pythonpath.sh
[10.295s] -- Installing: /home/arlo/d2lros2/chapt3/chapt3_ws/src/install/example_ros2_interfaces/share/example_ros2_interfaces/environment/pythonpath.dsv
[10.295s] -- Installing: /home/arlo/d2lros2/chapt3/chapt3_ws/src/install/example_ros2_interfaces/local/lib/python3.10/dist-packages/example_ros2_interfaces-0.0.0-py3.10.egg-info
[10.296s] -- Installing: /home/arlo/d2lros2/chapt3/chapt3_ws/src/install/example_ros2_interfaces/local/lib/python3.10/dist-packages/example_ros2_interfaces-0.0.0-py3.10.egg-info/top_level.txt
[10.297s] -- Installing: /home/arlo/d2lros2/chapt3/chapt3_ws/src/install/example_ros2_interfaces/local/lib/python3.10/dist-packages/example_ros2_interfaces-0.0.0-py3.10.egg-info/SOURCES.txt
[10.297s] -- Installing: /home/arlo/d2lros2/chapt3/chapt3_ws/src/install/example_ros2_interfaces/local/lib/python3.10/dist-packages/example_ros2_interfaces-0.0.0-py3.10.egg-info/PKG-INFO
[10.297s] -- Installing: /home/arlo/d2lros2/chapt3/chapt3_ws/src/install/example_ros2_interfaces/local/lib/python3.10/dist-packages/example_ros2_interfaces-0.0.0-py3.10.egg-info/dependency_links.txt
[10.297s] -- Installing: /home/arlo/d2lros2/chapt3/chapt3_ws/src/install/example_ros2_interfaces/local/lib/python3.10/dist-packages/example_ros2_interfaces
[10.297s] -- Installing: /home/arlo/d2lros2/chapt3/chapt3_ws/src/install/example_ros2_interfaces/local/lib/python3.10/dist-packages/example_ros2_interfaces/__init__.py
[10.298s] -- Installing: /home/arlo/d2lros2/chapt3/chapt3_ws/src/install/example_ros2_interfaces/local/lib/python3.10/dist-packages/example_ros2_interfaces/libexample_ros2_interfaces__rosidl_generator_py.so
[10.298s] -- Installing: /home/arlo/d2lros2/chapt3/chapt3_ws/src/install/example_ros2_interfaces/local/lib/python3.10/dist-packages/example_ros2_interfaces/_example_ros2_interfaces_s.ep.rosidl_typesupport_introspection_c.c
[10.299s] -- Installing: /home/arlo/d2lros2/chapt3/chapt3_ws/src/install/example_ros2_interfaces/local/lib/python3.10/dist-packages/example_ros2_interfaces/srv
[10.300s] -- Installing: /home/arlo/d2lros2/chapt3/chapt3_ws/src/install/example_ros2_interfaces/local/lib/python3.10/dist-packages/example_ros2_interfaces/srv/__init__.py
[10.300s] -- Installing: /home/arlo/d2lros2/chapt3/chapt3_ws/src/install/example_ros2_interfaces/local/lib/python3.10/dist-packages/example_ros2_interfaces/srv/_move_robot_s.c
[10.300s] -- Installing: /home/arlo/d2lros2/chapt3/chapt3_ws/src/install/example_ros2_interfaces/local/lib/python3.10/dist-packages/example_ros2_interfaces/srv/_move_robot.py
[10.301s] -- Installing: /home/arlo/d2lros2/chapt3/chapt3_ws/src/install/example_ros2_interfaces/local/lib/python3.10/dist-packages/example_ros2_interfaces/msg
[10.301s] -- Installing: /home/arlo/d2lros2/chapt3/chapt3_ws/src/install/example_ros2_interfaces/local/lib/python3.10/dist-packages/example_ros2_interfaces/msg/__init__.py
[10.302s] -- Installing: /home/arlo/d2lros2/chapt3/chapt3_ws/src/install/example_ros2_interfaces/local/lib/python3.10/dist-packages/example_ros2_interfaces/msg/_robot_status_s.c
[10.302s] -- Installing: /home/arlo/d2lros2/chapt3/chapt3_ws/src/install/example_ros2_interfaces/local/lib/python3.10/dist-packages/example_ros2_interfaces/msg/_robot_pose_s.c
[10.303s] -- Installing: /home/arlo/d2lros2/chapt3/chapt3_ws/src/install/example_ros2_interfaces/local/lib/python3.10/dist-packages/example_ros2_interfaces/msg/_robot_pose.py
[10.303s] -- Installing: /home/arlo/d2lros2/chapt3/chapt3_ws/src/install/example_ros2_interfaces/local/lib/python3.10/dist-packages/example_ros2_interfaces/msg/_robot_status.py
[10.303s] -- Installing: /home/arlo/d2lros2/chapt3/chapt3_ws/src/install/example_ros2_interfaces/local/lib/python3.10/dist-packages/example_ros2_interfaces/_example_ros2_interfaces_s.ep.rosidl_typesupport_c.c
[10.304s] -- Installing: /home/arlo/d2lros2/chapt3/chapt3_ws/src/install/example_ros2_interfaces/local/lib/python3.10/dist-packages/example_ros2_interfaces/_example_ros2_interfaces_s.ep.rosidl_typesupport_fastrtps_c.c
[10.305s] -- Installing: /home/arlo/d2lros2/chapt3/chapt3_ws/src/install/example_ros2_interfaces/local/lib/python3.10/dist-packages/example_ros2_interfaces/example_ros2_interfaces_s__rosidl_typesupport_c.cpython-310-x86_64-linux-gnu.so
[10.306s] -- Installing: /home/arlo/d2lros2/chapt3/chapt3_ws/src/install/example_ros2_interfaces/local/lib/python3.10/dist-packages/example_ros2_interfaces/example_ros2_interfaces_s__rosidl_typesupport_fastrtps_c.cpython-310-x86_64-linux-gnu.so
[10.306s] -- Installing: /home/arlo/d2lros2/chapt3/chapt3_ws/src/install/example_ros2_interfaces/local/lib/python3.10/dist-packages/example_ros2_interfaces/example_ros2_interfaces_s__rosidl_typesupport_introspection_c.cpython-310-x86_64-linux-gnu.so
[10.359s] Listing '/home/arlo/d2lros2/chapt3/chapt3_ws/src/install/example_ros2_interfaces/local/lib/python3.10/dist-packages/example_ros2_interfaces'...
[10.359s] Compiling '/home/arlo/d2lros2/chapt3/chapt3_ws/src/install/example_ros2_interfaces/local/lib/python3.10/dist-packages/example_ros2_interfaces/__init__.py'...
[10.359s] Listing '/home/arlo/d2lros2/chapt3/chapt3_ws/src/install/example_ros2_interfaces/local/lib/python3.10/dist-packages/example_ros2_interfaces/msg'...
[10.359s] Compiling '/home/arlo/d2lros2/chapt3/chapt3_ws/src/install/example_ros2_interfaces/local/lib/python3.10/dist-packages/example_ros2_interfaces/msg/__init__.py'...
[10.359s] Compiling '/home/arlo/d2lros2/chapt3/chapt3_ws/src/install/example_ros2_interfaces/local/lib/python3.10/dist-packages/example_ros2_interfaces/msg/_robot_pose.py'...
[10.359s] Compiling '/home/arlo/d2lros2/chapt3/chapt3_ws/src/install/example_ros2_interfaces/local/lib/python3.10/dist-packages/example_ros2_interfaces/msg/_robot_status.py'...
[10.359s] Listing '/home/arlo/d2lros2/chapt3/chapt3_ws/src/install/example_ros2_interfaces/local/lib/python3.10/dist-packages/example_ros2_interfaces/srv'...
[10.359s] Compiling '/home/arlo/d2lros2/chapt3/chapt3_ws/src/install/example_ros2_interfaces/local/lib/python3.10/dist-packages/example_ros2_interfaces/srv/__init__.py'...
[10.360s] Compiling '/home/arlo/d2lros2/chapt3/chapt3_ws/src/install/example_ros2_interfaces/local/lib/python3.10/dist-packages/example_ros2_interfaces/srv/_move_robot.py'...
[10.364s] -- Installing: /home/arlo/d2lros2/chapt3/chapt3_ws/src/install/example_ros2_interfaces/local/lib/python3.10/dist-packages/example_ros2_interfaces/example_ros2_interfaces_s__rosidl_typesupport_fastrtps_c.cpython-310-x86_64-linux-gnu.so
[10.366s] -- Set runtime path of "/home/arlo/d2lros2/chapt3/chapt3_ws/src/install/example_ros2_interfaces/local/lib/python3.10/dist-packages/example_ros2_interfaces/example_ros2_interfaces_s__rosidl_typesupport_fastrtps_c.cpython-310-x86_64-linux-gnu.so" to ""
[10.367s] -- Installing: /home/arlo/d2lros2/chapt3/chapt3_ws/src/install/example_ros2_interfaces/local/lib/python3.10/dist-packages/example_ros2_interfaces/example_ros2_interfaces_s__rosidl_typesupport_introspection_c.cpython-310-x86_64-linux-gnu.so
[10.369s] -- Set runtime path of "/home/arlo/d2lros2/chapt3/chapt3_ws/src/install/example_ros2_interfaces/local/lib/python3.10/dist-packages/example_ros2_interfaces/example_ros2_interfaces_s__rosidl_typesupport_introspection_c.cpython-310-x86_64-linux-gnu.so" to ""
[10.370s] -- Installing: /home/arlo/d2lros2/chapt3/chapt3_ws/src/install/example_ros2_interfaces/local/lib/python3.10/dist-packages/example_ros2_interfaces/example_ros2_interfaces_s__rosidl_typesupport_c.cpython-310-x86_64-linux-gnu.so
[10.372s] -- Set runtime path of "/home/arlo/d2lros2/chapt3/chapt3_ws/src/install/example_ros2_interfaces/local/lib/python3.10/dist-packages/example_ros2_interfaces/example_ros2_interfaces_s__rosidl_typesupport_c.cpython-310-x86_64-linux-gnu.so" to ""
[10.372s] -- Installing: /home/arlo/d2lros2/chapt3/chapt3_ws/src/install/example_ros2_interfaces/lib/libexample_ros2_interfaces__rosidl_generator_py.so
[10.375s] -- Set runtime path of "/home/arlo/d2lros2/chapt3/chapt3_ws/src/install/example_ros2_interfaces/lib/libexample_ros2_interfaces__rosidl_generator_py.so" to ""
[10.375s] -- Installing: /home/arlo/d2lros2/chapt3/chapt3_ws/src/install/example_ros2_interfaces/share/example_ros2_interfaces/msg/RobotPose.idl
[10.376s] -- Installing: /home/arlo/d2lros2/chapt3/chapt3_ws/src/install/example_ros2_interfaces/share/example_ros2_interfaces/msg/RobotStatus.idl
[10.376s] -- Installing: /home/arlo/d2lros2/chapt3/chapt3_ws/src/install/example_ros2_interfaces/share/example_ros2_interfaces/srv/MoveRobot.idl
[10.377s] -- Installing: /home/arlo/d2lros2/chapt3/chapt3_ws/src/install/example_ros2_interfaces/share/example_ros2_interfaces/msg/RobotPose.msg
[10.377s] -- Installing: /home/arlo/d2lros2/chapt3/chapt3_ws/src/install/example_ros2_interfaces/share/example_ros2_interfaces/msg/RobotStatus.msg
[10.378s] -- Installing: /home/arlo/d2lros2/chapt3/chapt3_ws/src/install/example_ros2_interfaces/share/example_ros2_interfaces/srv/MoveRobot.srv
[10.378s] -- Installing: /home/arlo/d2lros2/chapt3/chapt3_ws/src/install/example_ros2_interfaces/share/example_ros2_interfaces/srv/MoveRobot_Request.msg
[10.379s] -- Installing: /home/arlo/d2lros2/chapt3/chapt3_ws/src/install/example_ros2_interfaces/share/example_ros2_interfaces/srv/MoveRobot_Response.msg
[10.379s] -- Installing: /home/arlo/d2lros2/chapt3/chapt3_ws/src/install/example_ros2_interfaces/share/ament_index/resource_index/package_run_dependencies/example_ros2_interfaces
[10.380s] -- Installing: /home/arlo/d2lros2/chapt3/chapt3_ws/src/install/example_ros2_interfaces/share/ament_index/resource_index/parent_prefix_path/example_ros2_interfaces
[10.380s] -- Installing: /home/arlo/d2lros2/chapt3/chapt3_ws/src/install/example_ros2_interfaces/share/example_ros2_interfaces/environment/ament_prefix_path.sh
[10.380s] -- Installing: /home/arlo/d2lros2/chapt3/chapt3_ws/src/install/example_ros2_interfaces/share/example_ros2_interfaces/environment/ament_prefix_path.dsv
[10.381s] -- Installing: /home/arlo/d2lros2/chapt3/chapt3_ws/src/install/example_ros2_interfaces/share/example_ros2_interfaces/environment/path.sh
[10.381s] -- Installing: /home/arlo/d2lros2/chapt3/chapt3_ws/src/install/example_ros2_interfaces/share/example_ros2_interfaces/environment/path.dsv
[10.381s] -- Installing: /home/arlo/d2lros2/chapt3/chapt3_ws/src/install/example_ros2_interfaces/share/example_ros2_interfaces/local_setup.bash
[10.382s] -- Installing: /home/arlo/d2lros2/chapt3/chapt3_ws/src/install/example_ros2_interfaces/share/example_ros2_interfaces/local_setup.sh
[10.382s] -- Installing: /home/arlo/d2lros2/chapt3/chapt3_ws/src/install/example_ros2_interfaces/share/example_ros2_interfaces/local_setup.zsh
[10.383s] -- Installing: /home/arlo/d2lros2/chapt3/chapt3_ws/src/install/example_ros2_interfaces/share/example_ros2_interfaces/local_setup.dsv
[10.383s] -- Installing: /home/arlo/d2lros2/chapt3/chapt3_ws/src/install/example_ros2_interfaces/share/example_ros2_interfaces/package.dsv
[10.384s] -- Installing: /home/arlo/d2lros2/chapt3/chapt3_ws/src/install/example_ros2_interfaces/share/ament_index/resource_index/packages/example_ros2_interfaces
[10.384s] -- Installing: /home/arlo/d2lros2/chapt3/chapt3_ws/src/install/example_ros2_interfaces/share/example_ros2_interfaces/cmake/export_example_ros2_interfaces__rosidl_generator_cExport.cmake
[10.385s] -- Installing: /home/arlo/d2lros2/chapt3/chapt3_ws/src/install/example_ros2_interfaces/share/example_ros2_interfaces/cmake/export_example_ros2_interfaces__rosidl_generator_cExport-noconfig.cmake
[10.385s] -- Installing: /home/arlo/d2lros2/chapt3/chapt3_ws/src/install/example_ros2_interfaces/share/example_ros2_interfaces/cmake/export_example_ros2_interfaces__rosidl_typesupport_fastrtps_cExport.cmake
[10.385s] -- Installing: /home/arlo/d2lros2/chapt3/chapt3_ws/src/install/example_ros2_interfaces/share/example_ros2_interfaces/cmake/export_example_ros2_interfaces__rosidl_typesupport_fastrtps_cExport-noconfig.cmake
[10.386s] -- Installing: /home/arlo/d2lros2/chapt3/chapt3_ws/src/install/example_ros2_interfaces/share/example_ros2_interfaces/cmake/example_ros2_interfaces__rosidl_typesupport_introspection_cExport.cmake
[10.386s] -- Installing: /home/arlo/d2lros2/chapt3/chapt3_ws/src/install/example_ros2_interfaces/share/example_ros2_interfaces/cmake/example_ros2_interfaces__rosidl_typesupport_introspection_cExport-noconfig.cmake
[10.387s] -- Installing: /home/arlo/d2lros2/chapt3/chapt3_ws/src/install/example_ros2_interfaces/share/example_ros2_interfaces/cmake/example_ros2_interfaces__rosidl_typesupport_cExport.cmake
[10.388s] -- Installing: /home/arlo/d2lros2/chapt3/chapt3_ws/src/install/example_ros2_interfaces/share/example_ros2_interfaces/cmake/example_ros2_interfaces__rosidl_typesupport_cExport-noconfig.cmake
[10.388s] -- Installing: /home/arlo/d2lros2/chapt3/chapt3_ws/src/install/example_ros2_interfaces/share/example_ros2_interfaces/cmake/export_example_ros2_interfaces__rosidl_generator_cppExport.cmake
[10.388s] -- Installing: /home/arlo/d2lros2/chapt3/chapt3_ws/src/install/example_ros2_interfaces/share/example_ros2_interfaces/cmake/export_example_ros2_interfaces__rosidl_typesupport_fastrtps_cppExport.cmake
[10.389s] -- Installing: /home/arlo/d2lros2/chapt3/chapt3_ws/src/install/example_ros2_interfaces/share/example_ros2_interfaces/cmake/export_example_ros2_interfaces__rosidl_typesupport_fastrtps_cppExport-noconfig.cmake
[10.390s] -- Installing: /home/arlo/d2lros2/chapt3/chapt3_ws/src/install/example_ros2_interfaces/share/example_ros2_interfaces/cmake/example_ros2_interfaces__rosidl_typesupport_introspection_cppExport.cmake
[10.390s] -- Installing: /home/arlo/d2lros2/chapt3/chapt3_ws/src/install/example_ros2_interfaces/share/example_ros2_interfaces/cmake/example_ros2_interfaces__rosidl_typesupport_introspection_cppExport-noconfig.cmake
[10.394s] -- Installing: /home/arlo/d2lros2/chapt3/chapt3_ws/src/install/example_ros2_interfaces/share/example_ros2_interfaces/cmake/example_ros2_interfaces__rosidl_typesupport_cppExport.cmake
[10.394s] -- Installing: /home/arlo/d2lros2/chapt3/chapt3_ws/src/install/example_ros2_interfaces/share/example_ros2_interfaces/cmake/example_ros2_interfaces__rosidl_typesupport_cppExport-noconfig.cmake
[10.395s] -- Installing: /home/arlo/d2lros2/chapt3/chapt3_ws/src/install/example_ros2_interfaces/share/example_ros2_interfaces/cmake/export_example_ros2_interfaces__rosidl_generator_pyExport.cmake
[10.396s] -- Installing: /home/arlo/d2lros2/chapt3/chapt3_ws/src/install/example_ros2_interfaces/share/example_ros2_interfaces/cmake/export_example_ros2_interfaces__rosidl_generator_pyExport-noconfig.cmake
[10.396s] -- Installing: /home/arlo/d2lros2/chapt3/chapt3_ws/src/install/example_ros2_interfaces/share/example_ros2_interfaces/cmake/rosidl_cmake-extras.cmake
[10.396s] -- Installing: /home/arlo/d2lros2/chapt3/chapt3_ws/src/install/example_ros2_interfaces/share/example_ros2_interfaces/cmake/ament_cmake_export_dependencies-extras.cmake
[10.396s] -- Installing: /home/arlo/d2lros2/chapt3/chapt3_ws/src/install/example_ros2_interfaces/share/example_ros2_interfaces/cmake/ament_cmake_export_include_directories-extras.cmake
[10.397s] -- Installing: /home/arlo/d2lros2/chapt3/chapt3_ws/src/install/example_ros2_interfaces/share/example_ros2_interfaces/cmake/ament_cmake_export_libraries-extras.cmake
[10.397s] -- Installing: /home/arlo/d2lros2/chapt3/chapt3_ws/src/install/example_ros2_interfaces/share/example_ros2_interfaces/cmake/ament_cmake_export_targets-extras.cmake
[10.397s] -- Installing: /home/arlo/d2lros2/chapt3/chapt3_ws/src/install/example_ros2_interfaces/share/example_ros2_interfaces/cmake/rosidl_cmake_export_typesupport_targets-extras.cmake
[10.398s] -- Installing: /home/arlo/d2lros2/chapt3/chapt3_ws/src/install/example_ros2_interfaces/share/example_ros2_interfaces/cmake/rosidl_cmake_export_typesupport_libraries-extras.cmake
[10.399s] -- Installing: /home/arlo/d2lros2/chapt3/chapt3_ws/src/install/example_ros2_interfaces/share/example_ros2_interfaces/cmake/example_ros2_interfacesConfig.cmake
[10.399s] -- Installing: /home/arlo/d2lros2/chapt3/chapt3_ws/src/install/example_ros2_interfaces/share/example_ros2_interfaces/cmake/example_ros2_interfacesConfig-version.cmake
[10.399s] -- Installing: /home/arlo/d2lros2/chapt3/chapt3_ws/src/install/example_ros2_interfaces/share/example_ros2_interfaces/package.xml
[10.404s] Invoked command in '/home/arlo/d2lros2/chapt3/chapt3_ws/src/build/example_ros2_interfaces' returned '0': CMAKE_PREFIX_PATH=${CMAKE_PREFIX_PATH}:/opt/ros/humble /usr/bin/cmake --install /home/arlo/d2lros2/chapt3/chapt3_ws/src/build/example_ros2_interfaces
