-- Found ament_cmake: 1.3.8 (/opt/ros/humble/share/ament_cmake/cmake)
-- Found rclcpp: 16.0.8 (/opt/ros/humble/share/rclcpp/cmake)
-- Found rosidl_generator_c: 3.1.5 (/opt/ros/humble/share/rosidl_generator_c/cmake)
-- Found rosidl_adapter: 3.1.5 (/opt/ros/humble/share/rosidl_adapter/cmake)
-- Found rosidl_generator_cpp: 3.1.5 (/opt/ros/humble/share/rosidl_generator_cpp/cmake)
-- Using all available rosidl_typesupport_c: rosidl_typesupport_fastrtps_c;rosidl_typesupport_introspection_c
-- Using all available rosidl_typesupport_cpp: rosidl_typesupport_fastrtps_cpp;rosidl_typesupport_introspection_cpp
-- Found rmw_implementation_cmake: 6.1.1 (/opt/ros/humble/share/rmw_implementation_cmake/cmake)
-- Found rmw_fastrtps_cpp: 6.2.6 (/opt/ros/humble/share/rmw_fastrtps_cpp/cmake)
-- Using RMW implementation 'rmw_fastrtps_cpp' as default
-- Found rclcpp_action: 16.0.8 (/opt/ros/humble/share/rclcpp_action/cmake)
[31mCMake Error at CMakeLists.txt:12 (find_package):
  By not providing "Findexample_action_rclcpp.cmake" in CMAKE_MODULE_PATH
  this project has asked CMake to find a package configuration file provided
  by "example_action_rclcpp", but CMake did not find one.

  Could not find a package configuration file provided by
  "example_action_rclcpp" with any of the following names:

    example_action_rclcppConfig.cmake
    example_action_rclcpp-config.cmake

  Add the installation prefix of "example_action_rclcpp" to CMAKE_PREFIX_PATH
  or set "example_action_rclcpp_DIR" to a directory containing one of the
  above files.  If "example_action_rclcpp" provides a separate development
  package or SDK, be sure it has been installed.

[0m
-- Configuring incomplete, errors occurred!
See also "/home/arlo/d2lros2/chapt3/chapt3_ws/src/build/example_action_rclcpp/CMakeFiles/CMakeOutput.log".
