[0.117s] Invoking command in '/home/arlo/d2lros2/chapt3/chapt3_ws/src/build/example_service_rclcpp': CMAKE_PREFIX_PATH=/opt/ros/humble /usr/bin/cmake /home/arlo/d2lros2/chapt3/chapt3_ws/src/example_service_rclcpp -DCMAKE_INSTALL_PREFIX=/home/arlo/d2lros2/chapt3/chapt3_ws/src/install/example_service_rclcpp
[0.242s] -- The C compiler identification is GNU 11.4.0
[0.341s] -- The CXX compiler identification is GNU 11.4.0
[0.353s] -- Detecting C compiler ABI info
[0.523s] -- Detecting C compiler ABI info - done
[0.527s] -- Check for working C compiler: /usr/bin/cc - skipped
[0.528s] -- Detecting C compile features
[0.528s] -- Detecting C compile features - done
[0.532s] -- Detecting CXX compiler ABI info
[0.675s] -- Detecting CXX compiler ABI info - done
[0.680s] -- Check for working CXX compiler: /usr/bin/c++ - skipped
[0.680s] -- Detecting CXX compile features
[0.681s] -- Detecting CXX compile features - done
[0.687s] -- Found ament_cmake: 1.3.8 (/opt/ros/humble/share/ament_cmake/cmake)
[0.885s] -- Found Python3: /usr/bin/python3 (found version "3.10.12") found components: Interpreter 
[1.002s] -- Found rclcpp: 16.0.8 (/opt/ros/humble/share/rclcpp/cmake)
[1.049s] -- Found rosidl_generator_c: 3.1.5 (/opt/ros/humble/share/rosidl_generator_c/cmake)
[1.055s] -- Found rosidl_adapter: 3.1.5 (/opt/ros/humble/share/rosidl_adapter/cmake)
[1.066s] -- Found rosidl_generator_cpp: 3.1.5 (/opt/ros/humble/share/rosidl_generator_cpp/cmake)
[1.083s] -- Using all available rosidl_typesupport_c: rosidl_typesupport_fastrtps_c;rosidl_typesupport_introspection_c
[1.106s] -- Using all available rosidl_typesupport_cpp: rosidl_typesupport_fastrtps_cpp;rosidl_typesupport_introspection_cpp
[1.185s] -- Found rmw_implementation_cmake: 6.1.1 (/opt/ros/humble/share/rmw_implementation_cmake/cmake)
[1.188s] -- Found rmw_fastrtps_cpp: 6.2.6 (/opt/ros/humble/share/rmw_fastrtps_cpp/cmake)
[1.324s] -- Found OpenSSL: /usr/lib/x86_64-linux-gnu/libcrypto.so (found version "3.0.2")  
[1.350s] -- Found FastRTPS: /opt/ros/humble/include  
[1.406s] -- Using RMW implementation 'rmw_fastrtps_cpp' as default
[1.418s] -- Looking for pthread.h
[1.571s] -- Looking for pthread.h - found
[1.572s] -- Performing Test CMAKE_HAVE_LIBC_PTHREAD
[1.709s] -- Performing Test CMAKE_HAVE_LIBC_PTHREAD - Success
[1.710s] -- Found Threads: TRUE  
[1.892s] -- Found example_interfaces: 0.9.3 (/opt/ros/humble/share/example_interfaces/cmake)
[2.076s] -- Found ament_lint_auto: 0.12.10 (/opt/ros/humble/share/ament_lint_auto/cmake)
[2.261s] -- Added test 'cppcheck' to perform static code analysis on C / C++ code
[2.261s] -- Configured cppcheck include dirs: 
[2.261s] -- Configured cppcheck exclude dirs and/or files: 
[2.262s] -- Added test 'lint_cmake' to check CMake code style
[2.264s] -- Added test 'uncrustify' to check C / C++ code style
[2.264s] -- Configured uncrustify additional arguments: 
[2.265s] -- Added test 'xmllint' to check XML markup files
[2.267s] -- Configuring done
[2.291s] -- Generating done
[2.294s] -- Build files have been written to: /home/arlo/d2lros2/chapt3/chapt3_ws/src/build/example_service_rclcpp
