[0.087s] Invoking command in '/home/arlo/d2lros2/chapt3/chapt3_ws/src/build/example_action_rclcpp': CMAKE_PREFIX_PATH=${CMAKE_PREFIX_PATH}:/opt/ros/humble /usr/bin/cmake /home/arlo/d2lros2/chapt3/chapt3_ws/src/example_action_rclcpp -DCMAKE_INSTALL_PREFIX=/home/arlo/d2lros2/chapt3/chapt3_ws/src/install/example_action_rclcpp
[0.115s] -- Found ament_cmake: 1.3.8 (/opt/ros/humble/share/ament_cmake/cmake)
[0.279s] -- Found rclcpp: 16.0.8 (/opt/ros/humble/share/rclcpp/cmake)
[0.320s] -- Found rosidl_generator_c: 3.1.5 (/opt/ros/humble/share/rosidl_generator_c/cmake)
[0.325s] -- Found rosidl_adapter: 3.1.5 (/opt/ros/humble/share/rosidl_adapter/cmake)
[0.334s] -- Found rosidl_generator_cpp: 3.1.5 (/opt/ros/humble/share/rosidl_generator_cpp/cmake)
[0.350s] -- Using all available rosidl_typesupport_c: rosidl_typesupport_fastrtps_c;rosidl_typesupport_introspection_c
[0.373s] -- Using all available rosidl_typesupport_cpp: rosidl_typesupport_fastrtps_cpp;rosidl_typesupport_introspection_cpp
[0.444s] -- Found rmw_implementation_cmake: 6.1.1 (/opt/ros/humble/share/rmw_implementation_cmake/cmake)
[0.446s] -- Found rmw_fastrtps_cpp: 6.2.6 (/opt/ros/humble/share/rmw_fastrtps_cpp/cmake)
[0.591s] -- Using RMW implementation 'rmw_fastrtps_cpp' as default
[0.788s] [31mCMake Error at CMakeLists.txt:11 (find_package):
[0.788s]   By not providing "Findrobot_control_interfaces.cmake" in CMAKE_MODULE_PATH
[0.788s]   this project has asked CMake to find a package configuration file provided
[0.788s]   by "robot_control_interfaces", but CMake did not find one.
[0.788s] 
[0.788s]   Could not find a package configuration file provided by
[0.788s]   "robot_control_interfaces" with any of the following names:
[0.789s] 
[0.789s]     robot_control_interfacesConfig.cmake
[0.789s]     robot_control_interfaces-config.cmake
[0.789s] 
[0.789s]   Add the installation prefix of "robot_control_interfaces" to
[0.789s]   CMAKE_PREFIX_PATH or set "robot_control_interfaces_DIR" to a directory
[0.789s]   containing one of the above files.  If "robot_control_interfaces" provides
[0.789s]   a separate development package or SDK, be sure it has been installed.
[0.789s] 
[0.789s] [0m
[0.790s] -- Configuring incomplete, errors occurred!
[0.790s] See also "/home/arlo/d2lros2/chapt3/chapt3_ws/src/build/example_action_rclcpp/CMakeFiles/CMakeOutput.log".
[0.796s] Invoked command in '/home/arlo/d2lros2/chapt3/chapt3_ws/src/build/example_action_rclcpp' returned '1': CMAKE_PREFIX_PATH=${CMAKE_PREFIX_PATH}:/opt/ros/humble /usr/bin/cmake /home/arlo/d2lros2/chapt3/chapt3_ws/src/example_action_rclcpp -DCMAKE_INSTALL_PREFIX=/home/arlo/d2lros2/chapt3/chapt3_ws/src/install/example_action_rclcpp
