[1.066s] DEBUG:colcon:Command line arguments: ['/usr/bin/colcon', 'build']
[1.066s] DEBUG:colcon:Parsed command line arguments: Namespace(log_base=None, log_level=None, verb_name='build', build_base='build', install_base='install', merge_install=False, symlink_install=False, test_result_base=None, continue_on_error=False, executor='parallel', parallel_workers=4, event_handlers=None, ignore_user_meta=False, metas=['./colcon.meta'], base_paths=['.'], packages_ignore=None, packages_ignore_regex=None, paths=None, packages_up_to=None, packages_up_to_regex=None, packages_above=None, packages_above_and_dependencies=None, packages_above_depth=None, packages_select_by_dep=None, packages_skip_by_dep=None, packages_skip_up_to=None, packages_select_build_failed=False, packages_skip_build_finished=False, packages_select_test_failures=False, packages_skip_test_passed=False, packages_select=None, packages_skip=None, packages_select_regex=None, packages_skip_regex=None, packages_start=None, packages_end=None, allow_overriding=[], cmake_args=None, cmake_target=None, cmake_target_skip_unavailable=False, cmake_clean_cache=False, cmake_clean_first=False, cmake_force_configure=False, ament_cmake_args=None, catkin_cmake_args=None, catkin_skip_building_tests=False, verb_parser=<colcon_defaults.argument_parser.defaults.DefaultArgumentsDecorator object at 0x7f5df2e7ea70>, verb_extension=<colcon_core.verb.build.BuildVerb object at 0x7f5df2e7f5e0>, main=<bound method BuildVerb.main of <colcon_core.verb.build.BuildVerb object at 0x7f5df2e7f5e0>>)
[1.120s] Level 1:colcon.colcon_core.package_discovery:discover_packages(colcon_meta) check parameters
[1.120s] Level 1:colcon.colcon_core.package_discovery:discover_packages(recursive) check parameters
[1.120s] Level 1:colcon.colcon_core.package_discovery:discover_packages(ignore) check parameters
[1.120s] Level 1:colcon.colcon_core.package_discovery:discover_packages(path) check parameters
[1.120s] Level 1:colcon.colcon_core.package_discovery:discover_packages(colcon_meta) discover
[1.120s] Level 1:colcon.colcon_core.package_discovery:discover_packages(recursive) discover
[1.120s] INFO:colcon.colcon_core.package_discovery:Crawling recursively for packages in '/home/arlo/d2lros2/chapt3/chapt3_ws/src'
[1.120s] Level 1:colcon.colcon_core.package_identification:_identify(.) by extensions ['ignore', 'ignore_ament_install']
[1.120s] Level 1:colcon.colcon_core.package_identification:_identify(.) by extension 'ignore'
[1.120s] Level 1:colcon.colcon_core.package_identification:_identify(.) by extension 'ignore_ament_install'
[1.120s] Level 1:colcon.colcon_core.package_identification:_identify(.) by extensions ['colcon_pkg']
[1.120s] Level 1:colcon.colcon_core.package_identification:_identify(.) by extension 'colcon_pkg'
[1.120s] Level 1:colcon.colcon_core.package_identification:_identify(.) by extensions ['colcon_meta']
[1.121s] Level 1:colcon.colcon_core.package_identification:_identify(.) by extension 'colcon_meta'
[1.121s] Level 1:colcon.colcon_core.package_identification:_identify(.) by extensions ['ros']
[1.121s] Level 1:colcon.colcon_core.package_identification:_identify(.) by extension 'ros'
[1.131s] Level 1:colcon.colcon_core.package_identification:_identify(.) by extensions ['cmake', 'python']
[1.132s] Level 1:colcon.colcon_core.package_identification:_identify(.) by extension 'cmake'
[1.132s] Level 1:colcon.colcon_core.package_identification:_identify(.) by extension 'python'
[1.132s] Level 1:colcon.colcon_core.package_identification:_identify(.) by extensions ['python_setup_py']
[1.132s] Level 1:colcon.colcon_core.package_identification:_identify(.) by extension 'python_setup_py'
[1.132s] Level 1:colcon.colcon_core.package_identification:_identify(build) by extensions ['ignore', 'ignore_ament_install']
[1.132s] Level 1:colcon.colcon_core.package_identification:_identify(build) by extension 'ignore'
[1.132s] Level 1:colcon.colcon_core.package_identification:_identify(build) ignored
[1.132s] Level 1:colcon.colcon_core.package_identification:_identify(example_interfaces_rclcpp) by extensions ['ignore', 'ignore_ament_install']
[1.132s] Level 1:colcon.colcon_core.package_identification:_identify(example_interfaces_rclcpp) by extension 'ignore'
[1.132s] Level 1:colcon.colcon_core.package_identification:_identify(example_interfaces_rclcpp) by extension 'ignore_ament_install'
[1.132s] Level 1:colcon.colcon_core.package_identification:_identify(example_interfaces_rclcpp) by extensions ['colcon_pkg']
[1.132s] Level 1:colcon.colcon_core.package_identification:_identify(example_interfaces_rclcpp) by extension 'colcon_pkg'
[1.132s] Level 1:colcon.colcon_core.package_identification:_identify(example_interfaces_rclcpp) by extensions ['colcon_meta']
[1.133s] Level 1:colcon.colcon_core.package_identification:_identify(example_interfaces_rclcpp) by extension 'colcon_meta'
[1.133s] Level 1:colcon.colcon_core.package_identification:_identify(example_interfaces_rclcpp) by extensions ['ros']
[1.133s] Level 1:colcon.colcon_core.package_identification:_identify(example_interfaces_rclcpp) by extension 'ros'
[1.135s] DEBUG:colcon.colcon_core.package_identification:Package 'example_interfaces_rclcpp' with type 'ros.ament_cmake' and name 'example_interfaces_rclcpp'
[1.135s] Level 1:colcon.colcon_core.package_identification:_identify(example_service_rclcpp) by extensions ['ignore', 'ignore_ament_install']
[1.135s] Level 1:colcon.colcon_core.package_identification:_identify(example_service_rclcpp) by extension 'ignore'
[1.135s] Level 1:colcon.colcon_core.package_identification:_identify(example_service_rclcpp) by extension 'ignore_ament_install'
[1.135s] Level 1:colcon.colcon_core.package_identification:_identify(example_service_rclcpp) by extensions ['colcon_pkg']
[1.135s] Level 1:colcon.colcon_core.package_identification:_identify(example_service_rclcpp) by extension 'colcon_pkg'
[1.135s] Level 1:colcon.colcon_core.package_identification:_identify(example_service_rclcpp) by extensions ['colcon_meta']
[1.135s] Level 1:colcon.colcon_core.package_identification:_identify(example_service_rclcpp) by extension 'colcon_meta'
[1.135s] Level 1:colcon.colcon_core.package_identification:_identify(example_service_rclcpp) by extensions ['ros']
[1.135s] Level 1:colcon.colcon_core.package_identification:_identify(example_service_rclcpp) by extension 'ros'
[1.136s] DEBUG:colcon.colcon_core.package_identification:Package 'example_service_rclcpp' with type 'ros.ament_cmake' and name 'example_service_rclcpp'
[1.136s] Level 1:colcon.colcon_core.package_identification:_identify(example_topic_rclcpp) by extensions ['ignore', 'ignore_ament_install']
[1.136s] Level 1:colcon.colcon_core.package_identification:_identify(example_topic_rclcpp) by extension 'ignore'
[1.136s] Level 1:colcon.colcon_core.package_identification:_identify(example_topic_rclcpp) by extension 'ignore_ament_install'
[1.136s] Level 1:colcon.colcon_core.package_identification:_identify(example_topic_rclcpp) by extensions ['colcon_pkg']
[1.136s] Level 1:colcon.colcon_core.package_identification:_identify(example_topic_rclcpp) by extension 'colcon_pkg'
[1.136s] Level 1:colcon.colcon_core.package_identification:_identify(example_topic_rclcpp) by extensions ['colcon_meta']
[1.136s] Level 1:colcon.colcon_core.package_identification:_identify(example_topic_rclcpp) by extension 'colcon_meta'
[1.136s] Level 1:colcon.colcon_core.package_identification:_identify(example_topic_rclcpp) by extensions ['ros']
[1.136s] Level 1:colcon.colcon_core.package_identification:_identify(example_topic_rclcpp) by extension 'ros'
[1.137s] DEBUG:colcon.colcon_core.package_identification:Package 'example_topic_rclcpp' with type 'ros.ament_cmake' and name 'example_topic_rclcpp'
[1.137s] Level 1:colcon.colcon_core.package_identification:_identify(install) by extensions ['ignore', 'ignore_ament_install']
[1.137s] Level 1:colcon.colcon_core.package_identification:_identify(install) by extension 'ignore'
[1.137s] Level 1:colcon.colcon_core.package_identification:_identify(install) ignored
[1.137s] Level 1:colcon.colcon_core.package_identification:_identify(log) by extensions ['ignore', 'ignore_ament_install']
[1.137s] Level 1:colcon.colcon_core.package_identification:_identify(log) by extension 'ignore'
[1.137s] Level 1:colcon.colcon_core.package_identification:_identify(log) ignored
[1.137s] Level 1:colcon.colcon_core.package_discovery:discover_packages(recursive) using defaults
[1.137s] Level 1:colcon.colcon_core.package_discovery:discover_packages(ignore) discover
[1.138s] Level 1:colcon.colcon_core.package_discovery:discover_packages(ignore) using defaults
[1.138s] Level 1:colcon.colcon_core.package_discovery:discover_packages(path) discover
[1.138s] Level 1:colcon.colcon_core.package_discovery:discover_packages(path) using defaults
[1.237s] Level 1:colcon.colcon_core.package_discovery:discover_packages(prefix_path) check parameters
[1.237s] Level 1:colcon.colcon_core.package_discovery:discover_packages(prefix_path) discover
[1.272s] DEBUG:colcon.colcon_installed_package_information.package_discovery:Found 270 installed packages in /opt/ros/humble
[1.272s] Level 1:colcon.colcon_core.package_discovery:discover_packages(prefix_path) using defaults
[1.363s] Level 5:colcon.colcon_core.verb:set package 'example_interfaces_rclcpp' build argument 'cmake_args' from command line to 'None'
[1.363s] Level 5:colcon.colcon_core.verb:set package 'example_interfaces_rclcpp' build argument 'cmake_target' from command line to 'None'
[1.363s] Level 5:colcon.colcon_core.verb:set package 'example_interfaces_rclcpp' build argument 'cmake_target_skip_unavailable' from command line to 'False'
[1.363s] Level 5:colcon.colcon_core.verb:set package 'example_interfaces_rclcpp' build argument 'cmake_clean_cache' from command line to 'False'
[1.363s] Level 5:colcon.colcon_core.verb:set package 'example_interfaces_rclcpp' build argument 'cmake_clean_first' from command line to 'False'
[1.363s] Level 5:colcon.colcon_core.verb:set package 'example_interfaces_rclcpp' build argument 'cmake_force_configure' from command line to 'False'
[1.364s] Level 5:colcon.colcon_core.verb:set package 'example_interfaces_rclcpp' build argument 'ament_cmake_args' from command line to 'None'
[1.364s] Level 5:colcon.colcon_core.verb:set package 'example_interfaces_rclcpp' build argument 'catkin_cmake_args' from command line to 'None'
[1.364s] Level 5:colcon.colcon_core.verb:set package 'example_interfaces_rclcpp' build argument 'catkin_skip_building_tests' from command line to 'False'
[1.364s] DEBUG:colcon.colcon_core.verb:Building package 'example_interfaces_rclcpp' with the following arguments: {'ament_cmake_args': None, 'build_base': '/home/arlo/d2lros2/chapt3/chapt3_ws/src/build/example_interfaces_rclcpp', 'catkin_cmake_args': None, 'catkin_skip_building_tests': False, 'cmake_args': None, 'cmake_clean_cache': False, 'cmake_clean_first': False, 'cmake_force_configure': False, 'cmake_target': None, 'cmake_target_skip_unavailable': False, 'install_base': '/home/arlo/d2lros2/chapt3/chapt3_ws/src/install/example_interfaces_rclcpp', 'merge_install': False, 'path': '/home/arlo/d2lros2/chapt3/chapt3_ws/src/example_interfaces_rclcpp', 'symlink_install': False, 'test_result_base': None}
[1.379s] Level 5:colcon.colcon_core.verb:set package 'example_service_rclcpp' build argument 'cmake_args' from command line to 'None'
[1.379s] Level 5:colcon.colcon_core.verb:set package 'example_service_rclcpp' build argument 'cmake_target' from command line to 'None'
[1.379s] Level 5:colcon.colcon_core.verb:set package 'example_service_rclcpp' build argument 'cmake_target_skip_unavailable' from command line to 'False'
[1.380s] Level 5:colcon.colcon_core.verb:set package 'example_service_rclcpp' build argument 'cmake_clean_cache' from command line to 'False'
[1.380s] Level 5:colcon.colcon_core.verb:set package 'example_service_rclcpp' build argument 'cmake_clean_first' from command line to 'False'
[1.380s] Level 5:colcon.colcon_core.verb:set package 'example_service_rclcpp' build argument 'cmake_force_configure' from command line to 'False'
[1.380s] Level 5:colcon.colcon_core.verb:set package 'example_service_rclcpp' build argument 'ament_cmake_args' from command line to 'None'
[1.380s] Level 5:colcon.colcon_core.verb:set package 'example_service_rclcpp' build argument 'catkin_cmake_args' from command line to 'None'
[1.380s] Level 5:colcon.colcon_core.verb:set package 'example_service_rclcpp' build argument 'catkin_skip_building_tests' from command line to 'False'
[1.380s] DEBUG:colcon.colcon_core.verb:Building package 'example_service_rclcpp' with the following arguments: {'ament_cmake_args': None, 'build_base': '/home/arlo/d2lros2/chapt3/chapt3_ws/src/build/example_service_rclcpp', 'catkin_cmake_args': None, 'catkin_skip_building_tests': False, 'cmake_args': None, 'cmake_clean_cache': False, 'cmake_clean_first': False, 'cmake_force_configure': False, 'cmake_target': None, 'cmake_target_skip_unavailable': False, 'install_base': '/home/arlo/d2lros2/chapt3/chapt3_ws/src/install/example_service_rclcpp', 'merge_install': False, 'path': '/home/arlo/d2lros2/chapt3/chapt3_ws/src/example_service_rclcpp', 'symlink_install': False, 'test_result_base': None}
[1.395s] Level 5:colcon.colcon_core.verb:set package 'example_topic_rclcpp' build argument 'cmake_args' from command line to 'None'
[1.395s] Level 5:colcon.colcon_core.verb:set package 'example_topic_rclcpp' build argument 'cmake_target' from command line to 'None'
[1.395s] Level 5:colcon.colcon_core.verb:set package 'example_topic_rclcpp' build argument 'cmake_target_skip_unavailable' from command line to 'False'
[1.395s] Level 5:colcon.colcon_core.verb:set package 'example_topic_rclcpp' build argument 'cmake_clean_cache' from command line to 'False'
[1.395s] Level 5:colcon.colcon_core.verb:set package 'example_topic_rclcpp' build argument 'cmake_clean_first' from command line to 'False'
[1.395s] Level 5:colcon.colcon_core.verb:set package 'example_topic_rclcpp' build argument 'cmake_force_configure' from command line to 'False'
[1.395s] Level 5:colcon.colcon_core.verb:set package 'example_topic_rclcpp' build argument 'ament_cmake_args' from command line to 'None'
[1.395s] Level 5:colcon.colcon_core.verb:set package 'example_topic_rclcpp' build argument 'catkin_cmake_args' from command line to 'None'
[1.396s] Level 5:colcon.colcon_core.verb:set package 'example_topic_rclcpp' build argument 'catkin_skip_building_tests' from command line to 'False'
[1.396s] DEBUG:colcon.colcon_core.verb:Building package 'example_topic_rclcpp' with the following arguments: {'ament_cmake_args': None, 'build_base': '/home/arlo/d2lros2/chapt3/chapt3_ws/src/build/example_topic_rclcpp', 'catkin_cmake_args': None, 'catkin_skip_building_tests': False, 'cmake_args': None, 'cmake_clean_cache': False, 'cmake_clean_first': False, 'cmake_force_configure': False, 'cmake_target': None, 'cmake_target_skip_unavailable': False, 'install_base': '/home/arlo/d2lros2/chapt3/chapt3_ws/src/install/example_topic_rclcpp', 'merge_install': False, 'path': '/home/arlo/d2lros2/chapt3/chapt3_ws/src/example_topic_rclcpp', 'symlink_install': False, 'test_result_base': None}
[1.411s] INFO:colcon.colcon_core.executor:Executing jobs using 'parallel' executor
[1.428s] DEBUG:colcon.colcon_parallel_executor.executor.parallel:run_until_complete
[1.428s] INFO:colcon.colcon_ros.task.ament_cmake.build:Building ROS package in '/home/arlo/d2lros2/chapt3/chapt3_ws/src/example_interfaces_rclcpp' with build type 'ament_cmake'
[1.428s] INFO:colcon.colcon_cmake.task.cmake.build:Building CMake package in '/home/arlo/d2lros2/chapt3/chapt3_ws/src/example_interfaces_rclcpp'
[1.446s] INFO:colcon.colcon_core.plugin_system:Skipping extension 'colcon_core.shell.bat': Not used on non-Windows systems
[1.446s] INFO:colcon.colcon_core.shell:Skip shell extension 'powershell' for command environment: Not usable outside of PowerShell
[1.446s] DEBUG:colcon.colcon_core.shell:Skip shell extension 'dsv' for command environment
[1.483s] INFO:colcon.colcon_ros.task.ament_cmake.build:Building ROS package in '/home/arlo/d2lros2/chapt3/chapt3_ws/src/example_service_rclcpp' with build type 'ament_cmake'
[1.483s] INFO:colcon.colcon_cmake.task.cmake.build:Building CMake package in '/home/arlo/d2lros2/chapt3/chapt3_ws/src/example_service_rclcpp'
[1.500s] INFO:colcon.colcon_core.shell:Skip shell extension 'powershell' for command environment: Not usable outside of PowerShell
[1.500s] DEBUG:colcon.colcon_core.shell:Skip shell extension 'dsv' for command environment
[1.536s] INFO:colcon.colcon_ros.task.ament_cmake.build:Building ROS package in '/home/arlo/d2lros2/chapt3/chapt3_ws/src/example_topic_rclcpp' with build type 'ament_cmake'
[1.537s] INFO:colcon.colcon_cmake.task.cmake.build:Building CMake package in '/home/arlo/d2lros2/chapt3/chapt3_ws/src/example_topic_rclcpp'
[1.553s] INFO:colcon.colcon_core.shell:Skip shell extension 'powershell' for command environment: Not usable outside of PowerShell
[1.553s] DEBUG:colcon.colcon_core.shell:Skip shell extension 'dsv' for command environment
[1.597s] DEBUG:colcon.colcon_core.event_handler.log_command:Invoking command in '/home/arlo/d2lros2/chapt3/chapt3_ws/src/build/example_interfaces_rclcpp': CMAKE_PREFIX_PATH=/opt/ros/humble /usr/bin/cmake /home/arlo/d2lros2/chapt3/chapt3_ws/src/example_interfaces_rclcpp -DCMAKE_INSTALL_PREFIX=/home/arlo/d2lros2/chapt3/chapt3_ws/src/install/example_interfaces_rclcpp
[1.600s] DEBUG:colcon.colcon_core.event_handler.log_command:Invoking command in '/home/arlo/d2lros2/chapt3/chapt3_ws/src/build/example_service_rclcpp': CMAKE_PREFIX_PATH=/opt/ros/humble /usr/bin/cmake /home/arlo/d2lros2/chapt3/chapt3_ws/src/example_service_rclcpp -DCMAKE_INSTALL_PREFIX=/home/arlo/d2lros2/chapt3/chapt3_ws/src/install/example_service_rclcpp
[1.608s] DEBUG:colcon.colcon_core.event_handler.log_command:Invoking command in '/home/arlo/d2lros2/chapt3/chapt3_ws/src/build/example_topic_rclcpp': CMAKE_PREFIX_PATH=/opt/ros/humble /usr/bin/cmake --build /home/arlo/d2lros2/chapt3/chapt3_ws/src/build/example_topic_rclcpp -- -j4 -l4
[3.358s] DEBUG:colcon.colcon_core.event_handler.log_command:Invoked command in '/home/arlo/d2lros2/chapt3/chapt3_ws/src/build/example_interfaces_rclcpp' returned '1': CMAKE_PREFIX_PATH=/opt/ros/humble /usr/bin/cmake /home/arlo/d2lros2/chapt3/chapt3_ws/src/example_interfaces_rclcpp -DCMAKE_INSTALL_PREFIX=/home/arlo/d2lros2/chapt3/chapt3_ws/src/install/example_interfaces_rclcpp
[3.380s] Level 1:colcon.colcon_core.environment:create_environment_scripts_only(example_interfaces_rclcpp)
[3.399s] Level 1:colcon.colcon_core.environment:checking '/home/arlo/d2lros2/chapt3/chapt3_ws/src/install/example_interfaces_rclcpp' for CMake module files
[3.400s] Level 1:colcon.colcon_core.environment:checking '/home/arlo/d2lros2/chapt3/chapt3_ws/src/install/example_interfaces_rclcpp' for CMake config files
[3.400s] Level 1:colcon.colcon_core.environment:checking '/home/arlo/d2lros2/chapt3/chapt3_ws/src/install/example_interfaces_rclcpp/bin'
[3.400s] Level 1:colcon.colcon_core.environment:checking '/home/arlo/d2lros2/chapt3/chapt3_ws/src/install/example_interfaces_rclcpp/lib/pkgconfig/example_interfaces_rclcpp.pc'
[3.400s] Level 1:colcon.colcon_core.environment:checking '/home/arlo/d2lros2/chapt3/chapt3_ws/src/install/example_interfaces_rclcpp/lib/python3.10/site-packages'
[3.400s] Level 1:colcon.colcon_core.environment:checking '/home/arlo/d2lros2/chapt3/chapt3_ws/src/install/example_interfaces_rclcpp/bin'
[3.416s] INFO:colcon.colcon_core.shell:Creating package script '/home/arlo/d2lros2/chapt3/chapt3_ws/src/install/example_interfaces_rclcpp/share/example_interfaces_rclcpp/package.ps1'
[3.417s] INFO:colcon.colcon_core.shell:Creating package descriptor '/home/arlo/d2lros2/chapt3/chapt3_ws/src/install/example_interfaces_rclcpp/share/example_interfaces_rclcpp/package.dsv'
[3.417s] INFO:colcon.colcon_core.shell:Creating package script '/home/arlo/d2lros2/chapt3/chapt3_ws/src/install/example_interfaces_rclcpp/share/example_interfaces_rclcpp/package.sh'
[3.418s] INFO:colcon.colcon_core.shell:Creating package script '/home/arlo/d2lros2/chapt3/chapt3_ws/src/install/example_interfaces_rclcpp/share/example_interfaces_rclcpp/package.bash'
[3.418s] INFO:colcon.colcon_core.shell:Creating package script '/home/arlo/d2lros2/chapt3/chapt3_ws/src/install/example_interfaces_rclcpp/share/example_interfaces_rclcpp/package.zsh'
[3.419s] Level 1:colcon.colcon_core.environment:create_file_with_runtime_dependencies(/home/arlo/d2lros2/chapt3/chapt3_ws/src/install/example_interfaces_rclcpp/share/colcon-core/packages/example_interfaces_rclcpp)
[11.652s] DEBUG:colcon.colcon_parallel_executor.executor.parallel:closing loop
[11.653s] DEBUG:colcon.colcon_parallel_executor.executor.parallel:loop closed
[11.653s] DEBUG:colcon.colcon_parallel_executor.executor.parallel:run_until_complete finished with '1'
[11.653s] DEBUG:colcon.colcon_core.event_reactor:joining thread
[11.675s] INFO:colcon.colcon_core.plugin_system:Skipping extension 'colcon_notification.desktop_notification.terminal_notifier': Not used on non-Darwin systems
[11.675s] INFO:colcon.colcon_core.plugin_system:Skipping extension 'colcon_notification.desktop_notification.win32': Not used on non-Windows systems
[11.675s] INFO:colcon.colcon_notification.desktop_notification:Sending desktop notification using 'notify2'
[11.694s] DEBUG:colcon.colcon_core.event_reactor:joined thread
[11.710s] INFO:colcon.colcon_core.shell:Creating prefix script '/home/arlo/d2lros2/chapt3/chapt3_ws/src/install/local_setup.ps1'
[11.711s] INFO:colcon.colcon_core.shell:Creating prefix util module '/home/arlo/d2lros2/chapt3/chapt3_ws/src/install/_local_setup_util_ps1.py'
[11.712s] INFO:colcon.colcon_core.shell:Creating prefix chain script '/home/arlo/d2lros2/chapt3/chapt3_ws/src/install/setup.ps1'
[11.728s] INFO:colcon.colcon_core.shell:Creating prefix script '/home/arlo/d2lros2/chapt3/chapt3_ws/src/install/local_setup.sh'
[11.728s] INFO:colcon.colcon_core.shell:Creating prefix util module '/home/arlo/d2lros2/chapt3/chapt3_ws/src/install/_local_setup_util_sh.py'
[11.729s] INFO:colcon.colcon_core.shell:Creating prefix chain script '/home/arlo/d2lros2/chapt3/chapt3_ws/src/install/setup.sh'
[11.744s] INFO:colcon.colcon_core.shell:Creating prefix script '/home/arlo/d2lros2/chapt3/chapt3_ws/src/install/local_setup.bash'
[11.744s] INFO:colcon.colcon_core.shell:Creating prefix chain script '/home/arlo/d2lros2/chapt3/chapt3_ws/src/install/setup.bash'
[11.759s] INFO:colcon.colcon_core.shell:Creating prefix script '/home/arlo/d2lros2/chapt3/chapt3_ws/src/install/local_setup.zsh'
[11.759s] INFO:colcon.colcon_core.shell:Creating prefix chain script '/home/arlo/d2lros2/chapt3/chapt3_ws/src/install/setup.zsh'
