[0.129s] Invoking command in '/home/arlo/d2lros2/chapt3/chapt3_ws/src/example_topic_rclcpp/build/example_topic_rclcpp': CMAKE_PREFIX_PATH=${CMAKE_PREFIX_PATH}:/opt/ros/humble /usr/bin/cmake /home/arlo/d2lros2/chapt3/chapt3_ws/src/example_topic_rclcpp -DCMAKE_INSTALL_PREFIX=/home/arlo/d2lros2/chapt3/chapt3_ws/src/example_topic_rclcpp/install/example_topic_rclcpp
[0.150s] -- Found ament_cmake: 1.3.8 (/opt/ros/humble/share/ament_cmake/cmake)
[0.336s] -- Found rclcpp: 16.0.8 (/opt/ros/humble/share/rclcpp/cmake)
[0.439s] -- Found rosidl_generator_c: 3.1.5 (/opt/ros/humble/share/rosidl_generator_c/cmake)
[0.445s] -- Found rosidl_adapter: 3.1.5 (/opt/ros/humble/share/rosidl_adapter/cmake)
[0.456s] -- Found rosidl_generator_cpp: 3.1.5 (/opt/ros/humble/share/rosidl_generator_cpp/cmake)
[0.479s] -- Using all available rosidl_typesupport_c: rosidl_typesupport_fastrtps_c;rosidl_typesupport_introspection_c
[0.507s] -- Using all available rosidl_typesupport_cpp: rosidl_typesupport_fastrtps_cpp;rosidl_typesupport_introspection_cpp
[0.602s] -- Found rmw_implementation_cmake: 6.1.1 (/opt/ros/humble/share/rmw_implementation_cmake/cmake)
[0.605s] -- Found rmw_fastrtps_cpp: 6.2.6 (/opt/ros/humble/share/rmw_fastrtps_cpp/cmake)
[0.792s] -- Using RMW implementation 'rmw_fastrtps_cpp' as default
[1.006s] -- Found ament_lint_auto: 0.12.10 (/opt/ros/humble/share/ament_lint_auto/cmake)
[1.136s] -- Added test 'cppcheck' to perform static code analysis on C / C++ code
[1.137s] -- Configured cppcheck include dirs: 
[1.137s] -- Configured cppcheck exclude dirs and/or files: 
[1.141s] -- Added test 'flake8' to check Python code syntax and style conventions
[1.150s] -- Added test 'lint_cmake' to check CMake code style
[1.154s] -- Added test 'pep257' to check Python code against some of the docstring style conventions in PEP 257
[1.190s] -- Added test 'uncrustify' to check C / C++ code style
[1.190s] -- Configured uncrustify additional arguments: 
[1.194s] -- Added test 'xmllint' to check XML markup files
[1.195s] [31mCMake Error at /opt/ros/humble/share/ament_cmake_target_dependencies/cmake/ament_target_dependencies.cmake:42 (message):
[1.196s]   ament_target_dependencies() the first argument must be a valid target name
[1.196s] Call Stack (most recent call first):
[1.196s]   CMakeLists.txt:30 (ament_target_dependencies)
[1.196s] 
[1.196s] [0m
[1.197s] -- Configuring incomplete, errors occurred!
[1.197s] See also "/home/arlo/d2lros2/chapt3/chapt3_ws/src/example_topic_rclcpp/build/example_topic_rclcpp/CMakeFiles/CMakeOutput.log".
[1.208s] Invoked command in '/home/arlo/d2lros2/chapt3/chapt3_ws/src/example_topic_rclcpp/build/example_topic_rclcpp' returned '1': CMAKE_PREFIX_PATH=${CMAKE_PREFIX_PATH}:/opt/ros/humble /usr/bin/cmake /home/arlo/d2lros2/chapt3/chapt3_ws/src/example_topic_rclcpp -DCMAKE_INSTALL_PREFIX=/home/arlo/d2lros2/chapt3/chapt3_ws/src/example_topic_rclcpp/install/example_topic_rclcpp
